[ 2016-03-31T00:23:42+08:00 ] ::1 /webgame/index.php/admin/system/group_list
INFO: [ app_init ] --START--
INFO: Run Behavior\BuildLiteBehavior [ RunTime:0.000022s ]
INFO: [ app_init ] --END-- [ RunTime:0.000564s ]

[ 2016-03-31T00:23:45+08:00 ] ::1 /webgame/index.php/admin/base/login.html
INFO: [ app_init ] --START--
INFO: Run Behavior\BuildLiteBehavior [ RunTime:0.000021s ]
INFO: [ app_init ] --END-- [ RunTime:0.000593s ]

[ 2016-03-31T00:23:45+08:00 ] ::1 /webgame/index.php/admin/Comhelper/verify
INFO: [ app_init ] --START--
INFO: Run Behavior\BuildLiteBehavior [ RunTime:0.000021s ]
INFO: [ app_init ] --END-- [ RunTime:0.000528s ]

[ 2016-03-31T00:23:48+08:00 ] ::1 /webgame/index.php/admin/Comhelper/verify?0.12065868568606675
INFO: [ app_init ] --START--
INFO: Run Behavior\BuildLiteBehavior [ RunTime:0.000022s ]
INFO: [ app_init ] --END-- [ RunTime:0.000567s ]

[ 2016-03-31T00:23:49+08:00 ] ::1 /webgame/index.php/admin/Comhelper/verify?0.36157436994835734
INFO: [ app_init ] --START--
INFO: Run Behavior\BuildLiteBehavior [ RunTime:0.000019s ]
INFO: [ app_init ] --END-- [ RunTime:0.000519s ]

[ 2016-03-31T00:23:50+08:00 ] ::1 /webgame/index.php/admin/Comhelper/verify?0.18114670575596392
INFO: [ app_init ] --START--
INFO: Run Behavior\BuildLiteBehavior [ RunTime:0.000021s ]
INFO: [ app_init ] --END-- [ RunTime:0.000677s ]

[ 2016-03-31T00:23:55+08:00 ] ::1 /webgame/index.php/admin/Base/login
INFO: [ app_init ] --START--
INFO: Run Behavior\BuildLiteBehavior [ RunTime:0.000020s ]
INFO: [ app_init ] --END-- [ RunTime:0.000527s ]

[ 2016-03-31T00:23:59+08:00 ] ::1 /webgame/index.php/admin/Base/login
INFO: [ app_init ] --START--
INFO: Run Behavior\BuildLiteBehavior [ RunTime:0.000021s ]
INFO: [ app_init ] --END-- [ RunTime:0.000597s ]

[ 2016-03-31T00:23:59+08:00 ] ::1 /webgame/index.php/admin/Comhelper/verify
INFO: [ app_init ] --START--
INFO: Run Behavior\BuildLiteBehavior [ RunTime:0.000031s ]
INFO: [ app_init ] --END-- [ RunTime:0.000842s ]

[ 2016-03-31T00:24:05+08:00 ] ::1 /webgame/index.php/admin/Base/login
INFO: [ app_init ] --START--
INFO: Run Behavior\BuildLiteBehavior [ RunTime:0.000020s ]
INFO: [ app_init ] --END-- [ RunTime:0.000613s ]

[ 2016-03-31T00:24:08+08:00 ] ::1 /webgame/index.php/admin/Base/login
INFO: [ app_init ] --START--
INFO: Run Behavior\BuildLiteBehavior [ RunTime:0.000021s ]
INFO: [ app_init ] --END-- [ RunTime:0.000643s ]

[ 2016-03-31T00:24:09+08:00 ] ::1 /webgame/index.php/admin/Comhelper/verify
INFO: [ app_init ] --START--
INFO: Run Behavior\BuildLiteBehavior [ RunTime:0.000032s ]
INFO: [ app_init ] --END-- [ RunTime:0.000831s ]

[ 2016-03-31T00:24:11+08:00 ] ::1 /webgame/index.php/admin/Comhelper/verify?0.010905815521255136
INFO: [ app_init ] --START--
INFO: Run Behavior\BuildLiteBehavior [ RunTime:0.000020s ]
INFO: [ app_init ] --END-- [ RunTime:0.000545s ]

[ 2016-03-31T00:24:12+08:00 ] ::1 /webgame/index.php/admin/Comhelper/verify?0.4923889215569943
INFO: [ app_init ] --START--
INFO: Run Behavior\BuildLiteBehavior [ RunTime:0.000020s ]
INFO: [ app_init ] --END-- [ RunTime:0.000590s ]

[ 2016-03-31T00:24:12+08:00 ] ::1 /webgame/index.php/admin/Comhelper/verify?0.7201329616364092
INFO: [ app_init ] --START--
INFO: Run Behavior\BuildLiteBehavior [ RunTime:0.000020s ]
INFO: [ app_init ] --END-- [ RunTime:0.000513s ]

[ 2016-03-31T00:24:19+08:00 ] ::1 /webgame/index.php/admin/Base/login
INFO: [ app_init ] --START--
INFO: Run Behavior\BuildLiteBehavior [ RunTime:0.000032s ]
INFO: [ app_init ] --END-- [ RunTime:0.000823s ]

[ 2016-03-31T00:24:19+08:00 ] ::1 /webgame/index.php/admin/index/index.html
INFO: [ app_init ] --START--
INFO: Run Behavior\BuildLiteBehavior [ RunTime:0.000021s ]
INFO: [ app_init ] --END-- [ RunTime:0.000536s ]

[ 2016-03-31T00:24:35+08:00 ] ::1 /webgame/index.php/admin/system/menu_add
INFO: [ app_init ] --START--
INFO: Run Behavior\BuildLiteBehavior [ RunTime:0.000037s ]
INFO: [ app_init ] --END-- [ RunTime:0.000519s ]

[ 2016-03-31T00:24:37+08:00 ] ::1 /webgame/index.php/admin/system/group_add
INFO: [ app_init ] --START--
INFO: Run Behavior\BuildLiteBehavior [ RunTime:0.000031s ]
INFO: [ app_init ] --END-- [ RunTime:0.000608s ]

[ 2016-03-31T00:24:40+08:00 ] ::1 /webgame/index.php/admin/system/group_list
INFO: [ app_init ] --START--
INFO: Run Behavior\BuildLiteBehavior [ RunTime:0.000020s ]
INFO: [ app_init ] --END-- [ RunTime:0.000480s ]

[ 2016-03-31T00:24:44+08:00 ] ::1 /webgame/index.php/admin/system/menu_list
INFO: [ app_init ] --START--
INFO: Run Behavior\BuildLiteBehavior [ RunTime:0.000022s ]
INFO: [ app_init ] --END-- [ RunTime:0.000538s ]

[ 2016-03-31T19:19:28+08:00 ] ::1 /webgame/index.php/admin/system/group_list
INFO: [ app_init ] --START--
INFO: Run Behavior\BuildLiteBehavior [ RunTime:0.000030s ]
INFO: [ app_init ] --END-- [ RunTime:0.000675s ]

[ 2016-03-31T19:19:31+08:00 ] ::1 /webgame/index.php/admin/base/login.html
INFO: [ app_init ] --START--
INFO: Run Behavior\BuildLiteBehavior [ RunTime:0.000028s ]
INFO: [ app_init ] --END-- [ RunTime:0.000508s ]

[ 2016-03-31T19:19:31+08:00 ] ::1 /webgame/index.php/admin/Comhelper/verify
INFO: [ app_init ] --START--
INFO: Run Behavior\BuildLiteBehavior [ RunTime:0.000020s ]
INFO: [ app_init ] --END-- [ RunTime:0.000509s ]

[ 2016-03-31T19:19:39+08:00 ] ::1 /webgame/index.php/admin/Comhelper/verify?0.43041513324715197
INFO: [ app_init ] --START--
INFO: Run Behavior\BuildLiteBehavior [ RunTime:0.000023s ]
INFO: [ app_init ] --END-- [ RunTime:0.000802s ]

[ 2016-03-31T19:19:39+08:00 ] ::1 /webgame/index.php/admin/Comhelper/verify?0.24222636362537742
INFO: [ app_init ] --START--
INFO: Run Behavior\BuildLiteBehavior [ RunTime:0.000025s ]
INFO: [ app_init ] --END-- [ RunTime:0.000583s ]

[ 2016-03-31T19:19:48+08:00 ] ::1 /webgame/index.php/admin/Base/login
INFO: [ app_init ] --START--
INFO: Run Behavior\BuildLiteBehavior [ RunTime:0.000022s ]
INFO: [ app_init ] --END-- [ RunTime:0.000441s ]

[ 2016-03-31T19:19:49+08:00 ] ::1 /webgame/index.php/admin/index/index.html
INFO: [ app_init ] --START--
INFO: Run Behavior\BuildLiteBehavior [ RunTime:0.000020s ]
INFO: [ app_init ] --END-- [ RunTime:0.000474s ]

[ 2016-03-31T19:20:40+08:00 ] ::1 /webgame/index.php/admin/system/group_list
INFO: [ app_init ] --START--
INFO: Run Behavior\BuildLiteBehavior [ RunTime:0.000020s ]
INFO: [ app_init ] --END-- [ RunTime:0.000466s ]

[ 2016-03-31T19:20:46+08:00 ] ::1 /webgame/index.php/admin/System/group_add/
INFO: [ app_init ] --START--
INFO: Run Behavior\BuildLiteBehavior [ RunTime:0.000025s ]
INFO: [ app_init ] --END-- [ RunTime:0.000714s ]

[ 2016-03-31T19:20:54+08:00 ] ::1 /webgame/index.php/admin/system/group_list
INFO: [ app_init ] --START--
INFO: Run Behavior\BuildLiteBehavior [ RunTime:0.000031s ]
INFO: [ app_init ] --END-- [ RunTime:0.000610s ]

[ 2016-03-31T19:21:00+08:00 ] ::1 /webgame/index.php/admin/System/manager_add/
INFO: [ app_init ] --START--
INFO: Run Behavior\BuildLiteBehavior [ RunTime:0.000021s ]
INFO: [ app_init ] --END-- [ RunTime:0.000494s ]
ERR: 非法操作:manager_add

[ 2016-03-31T19:22:25+08:00 ] ::1 /webgame/index.php/admin/System/manager_add/
INFO: [ app_init ] --START--
INFO: Run Behavior\BuildLiteBehavior [ RunTime:0.000031s ]
INFO: [ app_init ] --END-- [ RunTime:0.000673s ]
ERR: 非法操作:manager_add

[ 2016-03-31T19:22:31+08:00 ] ::1 /webgame/index.php/admin/System/manager_add/
INFO: [ app_init ] --START--
INFO: Run Behavior\BuildLiteBehavior [ RunTime:0.000024s ]
INFO: [ app_init ] --END-- [ RunTime:0.000552s ]
ERR: 非法操作:manager_add

[ 2016-03-31T19:22:35+08:00 ] ::1 /webgame/index.php/admin/System/manager_add/
INFO: [ app_init ] --START--
INFO: Run Behavior\BuildLiteBehavior [ RunTime:0.000019s ]
INFO: [ app_init ] --END-- [ RunTime:0.000411s ]
ERR: 非法操作:manager_add

[ 2016-03-31T19:22:39+08:00 ] ::1 /webgame/index.php/admin/System/manager_add/
INFO: [ app_init ] --START--
INFO: Run Behavior\BuildLiteBehavior [ RunTime:0.000022s ]
INFO: [ app_init ] --END-- [ RunTime:0.000566s ]
ERR: 非法操作:manager_add

[ 2016-03-31T19:26:07+08:00 ] ::1 /webgame/index.php/admin/system/group_list
INFO: [ app_init ] --START--
INFO: Run Behavior\BuildLiteBehavior [ RunTime:0.000032s ]
INFO: [ app_init ] --END-- [ RunTime:0.000720s ]

[ 2016-03-31T19:26:07+08:00 ] ::1 /webgame/index.php/admin/system/group_list
INFO: [ app_init ] --START--
INFO: Run Behavior\BuildLiteBehavior [ RunTime:0.000030s ]
INFO: [ app_init ] --END-- [ RunTime:0.000748s ]

[ 2016-03-31T19:26:08+08:00 ] ::1 /webgame/index.php/admin/Member/member_add/
INFO: [ app_init ] --START--
INFO: Run Behavior\BuildLiteBehavior [ RunTime:0.000020s ]
INFO: [ app_init ] --END-- [ RunTime:0.000418s ]
ERR: 模板不存在:./Application/Admin/View/Member/member_add.html

[ 2016-03-31T19:28:25+08:00 ] ::1 /webgame/index.php/admin/Member/member_add/
INFO: [ app_init ] --START--
INFO: Run Behavior\BuildLiteBehavior [ RunTime:0.000020s ]
INFO: [ app_init ] --END-- [ RunTime:0.000713s ]

[ 2016-03-31T19:30:05+08:00 ] ::1 /webgame/index.php/admin/Member/member_add/
INFO: [ app_init ] --START--
INFO: Run Behavior\BuildLiteBehavior [ RunTime:0.000025s ]
INFO: [ app_init ] --END-- [ RunTime:0.000493s ]

[ 2016-03-31T19:31:37+08:00 ] ::1 /webgame/index.php/admin/Member/member_add/
INFO: [ app_init ] --START--
INFO: Run Behavior\BuildLiteBehavior [ RunTime:0.000020s ]
INFO: [ app_init ] --END-- [ RunTime:0.000486s ]

[ 2016-03-31T19:36:48+08:00 ] ::1 /webgame/index.php/admin/Member/member_add/
INFO: [ app_init ] --START--
INFO: Run Behavior\BuildLiteBehavior [ RunTime:0.000021s ]
INFO: [ app_init ] --END-- [ RunTime:0.000621s ]

[ 2016-03-31T19:37:26+08:00 ] ::1 /webgame/index.php/admin/Member/member_add/
INFO: [ app_init ] --START--
INFO: Run Behavior\BuildLiteBehavior [ RunTime:0.000031s ]
INFO: [ app_init ] --END-- [ RunTime:0.000637s ]

[ 2016-03-31T19:38:49+08:00 ] ::1 /webgame/index.php/admin/Member/member_add/
INFO: [ app_init ] --START--
INFO: Run Behavior\BuildLiteBehavior [ RunTime:0.000033s ]
INFO: [ app_init ] --END-- [ RunTime:0.000702s ]

[ 2016-03-31T19:40:48+08:00 ] ::1 /webgame/index.php/admin/Member/member_add/
INFO: [ app_init ] --START--
INFO: Run Behavior\BuildLiteBehavior [ RunTime:0.000020s ]
INFO: [ app_init ] --END-- [ RunTime:0.000465s ]

[ 2016-03-31T19:40:54+08:00 ] ::1 /webgame/index.php/admin/Member/member_add
INFO: [ app_init ] --START--
INFO: Run Behavior\BuildLiteBehavior [ RunTime:0.000096s ]
INFO: [ app_init ] --END-- [ RunTime:0.000887s ]

[ 2016-03-31T19:41:01+08:00 ] ::1 /webgame/index.php/admin/Member/member_add/
INFO: [ app_init ] --START--
INFO: Run Behavior\BuildLiteBehavior [ RunTime:0.000019s ]
INFO: [ app_init ] --END-- [ RunTime:0.000415s ]

[ 2016-03-31T19:42:37+08:00 ] ::1 /webgame/index.php/admin/Member/member_add/
INFO: [ app_init ] --START--
INFO: Run Behavior\BuildLiteBehavior [ RunTime:0.000021s ]
INFO: [ app_init ] --END-- [ RunTime:0.000508s ]

[ 2016-03-31T19:42:38+08:00 ] ::1 /webgame/index.php/admin/Member/member_add
INFO: [ app_init ] --START--
INFO: Run Behavior\BuildLiteBehavior [ RunTime:0.000020s ]
INFO: [ app_init ] --END-- [ RunTime:0.000447s ]

[ 2016-03-31T19:43:38+08:00 ] ::1 /webgame/index.php/admin/Member/member_add/
INFO: [ app_init ] --START--
INFO: Run Behavior\BuildLiteBehavior [ RunTime:0.000025s ]
INFO: [ app_init ] --END-- [ RunTime:0.000754s ]

[ 2016-03-31T19:43:39+08:00 ] ::1 /webgame/index.php/admin/Member/member_add
INFO: [ app_init ] --START--
INFO: Run Behavior\BuildLiteBehavior [ RunTime:0.000049s ]
INFO: [ app_init ] --END-- [ RunTime:0.000862s ]

[ 2016-03-31T19:44:07+08:00 ] ::1 /webgame/index.php/admin/Member/member_add
INFO: [ app_init ] --START--
INFO: Run Behavior\BuildLiteBehavior [ RunTime:0.000022s ]
INFO: [ app_init ] --END-- [ RunTime:0.000484s ]

[ 2016-03-31T19:46:16+08:00 ] ::1 /webgame/index.php/admin/Member/member_add
INFO: [ app_init ] --START--
INFO: Run Behavior\BuildLiteBehavior [ RunTime:0.000023s ]
INFO: [ app_init ] --END-- [ RunTime:0.000600s ]

[ 2016-03-31T19:46:17+08:00 ] ::1 /webgame/index.php/admin/Member/member_add/
INFO: [ app_init ] --START--
INFO: Run Behavior\BuildLiteBehavior [ RunTime:0.000021s ]
INFO: [ app_init ] --END-- [ RunTime:0.000421s ]

[ 2016-03-31T19:49:14+08:00 ] ::1 /webgame/index.php/admin/Member/member_add/
INFO: [ app_init ] --START--
INFO: Run Behavior\BuildLiteBehavior [ RunTime:0.000021s ]
INFO: [ app_init ] --END-- [ RunTime:0.000450s ]

[ 2016-03-31T19:49:57+08:00 ] ::1 /webgame/index.php/admin/system/group_list
INFO: [ app_init ] --START--
INFO: Run Behavior\BuildLiteBehavior [ RunTime:0.000019s ]
INFO: [ app_init ] --END-- [ RunTime:0.000444s ]

[ 2016-03-31T19:50:15+08:00 ] ::1 /webgame/index.php/admin/system/group_list
INFO: [ app_init ] --START--
INFO: Run Behavior\BuildLiteBehavior [ RunTime:0.000019s ]
INFO: [ app_init ] --END-- [ RunTime:0.000452s ]

[ 2016-03-31T19:50:19+08:00 ] ::1 /webgame/index.php/admin/system/group_add
INFO: [ app_init ] --START--
INFO: Run Behavior\BuildLiteBehavior [ RunTime:0.000019s ]
INFO: [ app_init ] --END-- [ RunTime:0.000410s ]

[ 2016-03-31T19:50:23+08:00 ] ::1 /webgame/index.php/admin/system/menu_add
INFO: [ app_init ] --START--
INFO: Run Behavior\BuildLiteBehavior [ RunTime:0.000029s ]
INFO: [ app_init ] --END-- [ RunTime:0.000598s ]

[ 2016-03-31T19:50:55+08:00 ] ::1 /webgame/index.php/admin/system/menu_add
INFO: [ app_init ] --START--
INFO: Run Behavior\BuildLiteBehavior [ RunTime:0.000030s ]
INFO: [ app_init ] --END-- [ RunTime:0.000645s ]

[ 2016-03-31T19:51:53+08:00 ] ::1 /webgame/index.php/admin/System/menu_add
INFO: [ app_init ] --START--
INFO: Run Behavior\BuildLiteBehavior [ RunTime:0.000021s ]
INFO: [ app_init ] --END-- [ RunTime:0.000533s ]

[ 2016-03-31T19:51:54+08:00 ] ::1 /webgame/index.php/admin/system/menu_add
INFO: [ app_init ] --START--
INFO: Run Behavior\BuildLiteBehavior [ RunTime:0.000018s ]
INFO: [ app_init ] --END-- [ RunTime:0.000418s ]

[ 2016-03-31T19:53:05+08:00 ] ::1 /webgame/index.php/admin/System/menu_add
INFO: [ app_init ] --START--
INFO: Run Behavior\BuildLiteBehavior [ RunTime:0.000044s ]
INFO: [ app_init ] --END-- [ RunTime:0.000771s ]

[ 2016-03-31T19:53:06+08:00 ] ::1 /webgame/index.php/admin/system/menu_add
INFO: [ app_init ] --START--
INFO: Run Behavior\BuildLiteBehavior [ RunTime:0.000020s ]
INFO: [ app_init ] --END-- [ RunTime:0.000416s ]

[ 2016-03-31T19:57:23+08:00 ] ::1 /webgame/index.php/admin/system/menu_add
INFO: [ app_init ] --START--
INFO: Run Behavior\BuildLiteBehavior [ RunTime:0.000020s ]
INFO: [ app_init ] --END-- [ RunTime:0.000456s ]

[ 2016-03-31T19:57:27+08:00 ] ::1 /webgame/index.php/admin/member/member_list
INFO: [ app_init ] --START--
INFO: Run Behavior\BuildLiteBehavior [ RunTime:0.000020s ]
INFO: [ app_init ] --END-- [ RunTime:0.000448s ]
ERR: 模板不存在:./Application/Admin/View/Member/member_list.html

[ 2016-03-31T19:58:57+08:00 ] ::1 /webgame/index.php/admin/member/member_list
INFO: [ app_init ] --START--
INFO: Run Behavior\BuildLiteBehavior [ RunTime:0.000030s ]
INFO: [ app_init ] --END-- [ RunTime:0.000613s ]

[ 2016-03-31T20:00:09+08:00 ] ::1 /webgame/index.php/admin/member/member_list
INFO: [ app_init ] --START--
INFO: Run Behavior\BuildLiteBehavior [ RunTime:0.000027s ]
INFO: [ app_init ] --END-- [ RunTime:0.000683s ]

[ 2016-03-31T20:01:17+08:00 ] ::1 /webgame/index.php/admin/member/member_list
INFO: [ app_init ] --START--
INFO: Run Behavior\BuildLiteBehavior [ RunTime:0.000021s ]
INFO: [ app_init ] --END-- [ RunTime:0.000462s ]

[ 2016-03-31T20:01:34+08:00 ] ::1 /webgame/index.php/admin/member/member_list
INFO: [ app_init ] --START--
INFO: Run Behavior\BuildLiteBehavior [ RunTime:0.000019s ]
INFO: [ app_init ] --END-- [ RunTime:0.000431s ]

[ 2016-03-31T20:02:08+08:00 ] ::1 /webgame/index.php/admin/member/member_list
INFO: [ app_init ] --START--
INFO: Run Behavior\BuildLiteBehavior [ RunTime:0.000020s ]
INFO: [ app_init ] --END-- [ RunTime:0.000464s ]

[ 2016-03-31T20:05:40+08:00 ] ::1 /webgame/index.php/admin/member/member_list
INFO: [ app_init ] --START--
INFO: Run Behavior\BuildLiteBehavior [ RunTime:0.000032s ]
INFO: [ app_init ] --END-- [ RunTime:0.000930s ]

[ 2016-03-31T20:06:24+08:00 ] ::1 /webgame/index.php/admin/member/member_list
INFO: [ app_init ] --START--
INFO: Run Behavior\BuildLiteBehavior [ RunTime:0.000030s ]
INFO: [ app_init ] --END-- [ RunTime:0.000698s ]

[ 2016-03-31T20:07:28+08:00 ] ::1 /webgame/index.php/admin/member/member_list
INFO: [ app_init ] --START--
INFO: Run Behavior\BuildLiteBehavior [ RunTime:0.000033s ]
INFO: [ app_init ] --END-- [ RunTime:0.000732s ]

[ 2016-03-31T20:07:45+08:00 ] ::1 /webgame/index.php/admin/member/member_list
INFO: [ app_init ] --START--
INFO: Run Behavior\BuildLiteBehavior [ RunTime:0.000030s ]
INFO: [ app_init ] --END-- [ RunTime:0.000672s ]

[ 2016-03-31T20:15:47+08:00 ] ::1 /webgame/index.php/admin/member/member_list
INFO: [ app_init ] --START--
INFO: Run Behavior\BuildLiteBehavior [ RunTime:0.000034s ]
INFO: [ app_init ] --END-- [ RunTime:0.000663s ]

[ 2016-03-31T20:15:47+08:00 ] ::1 /webgame/index.php/admin/member/member_list
INFO: [ app_init ] --START--
INFO: Run Behavior\BuildLiteBehavior [ RunTime:0.000051s ]
INFO: [ app_init ] --END-- [ RunTime:0.000880s ]

[ 2016-03-31T20:15:47+08:00 ] ::1 /webgame/index.php/admin/member/member_list
INFO: [ app_init ] --START--
INFO: Run Behavior\BuildLiteBehavior [ RunTime:0.000020s ]
INFO: [ app_init ] --END-- [ RunTime:0.000446s ]

[ 2016-03-31T20:16:06+08:00 ] ::1 /webgame/index.php/admin/system/group_list
INFO: [ app_init ] --START--
INFO: Run Behavior\BuildLiteBehavior [ RunTime:0.000030s ]
INFO: [ app_init ] --END-- [ RunTime:0.000638s ]

[ 2016-03-31T20:16:09+08:00 ] ::1 /webgame/index.php/admin/System/group_menu_add/id/1
INFO: [ app_init ] --START--
INFO: Run Behavior\BuildLiteBehavior [ RunTime:0.000022s ]
INFO: [ app_init ] --END-- [ RunTime:0.000478s ]

[ 2016-03-31T20:16:20+08:00 ] ::1 /webgame/index.php/admin/system/menu_list
INFO: [ app_init ] --START--
INFO: Run Behavior\BuildLiteBehavior [ RunTime:0.000029s ]
INFO: [ app_init ] --END-- [ RunTime:0.000592s ]

[ 2016-03-31T20:16:28+08:00 ] ::1 /webgame/index.php/admin/system/group_list
INFO: [ app_init ] --START--
INFO: Run Behavior\BuildLiteBehavior [ RunTime:0.000028s ]
INFO: [ app_init ] --END-- [ RunTime:0.000641s ]

[ 2016-03-31T20:16:43+08:00 ] ::1 /webgame/index.php/admin/System/group_add/
INFO: [ app_init ] --START--
INFO: Run Behavior\BuildLiteBehavior [ RunTime:0.000033s ]
INFO: [ app_init ] --END-- [ RunTime:0.001097s ]

[ 2016-03-31T20:16:51+08:00 ] ::1 /webgame/index.php/admin/System/group_add
INFO: [ app_init ] --START--
INFO: Run Behavior\BuildLiteBehavior [ RunTime:0.000020s ]
INFO: [ app_init ] --END-- [ RunTime:0.000423s ]

[ 2016-03-31T20:16:52+08:00 ] ::1 /webgame/index.php/admin/system/group_list.html
INFO: [ app_init ] --START--
INFO: Run Behavior\BuildLiteBehavior [ RunTime:0.000028s ]
INFO: [ app_init ] --END-- [ RunTime:0.000575s ]

[ 2016-03-31T20:17:03+08:00 ] ::1 /webgame/index.php/admin/System/group_menu_add/id/3
INFO: [ app_init ] --START--
INFO: Run Behavior\BuildLiteBehavior [ RunTime:0.000021s ]
INFO: [ app_init ] --END-- [ RunTime:0.000474s ]

[ 2016-03-31T20:17:58+08:00 ] ::1 /webgame/index.php/admin/System/group_menu_add
INFO: [ app_init ] --START--
INFO: Run Behavior\BuildLiteBehavior [ RunTime:0.000031s ]
INFO: [ app_init ] --END-- [ RunTime:0.000818s ]

[ 2016-03-31T20:18:00+08:00 ] ::1 /webgame/index.php/admin/System/group_menu_add/id/3
INFO: [ app_init ] --START--
INFO: Run Behavior\BuildLiteBehavior [ RunTime:0.000020s ]
INFO: [ app_init ] --END-- [ RunTime:0.000442s ]

[ 2016-03-31T20:20:49+08:00 ] ::1 /webgame/index.php/admin/member/member_list
INFO: [ app_init ] --START--
INFO: Run Behavior\BuildLiteBehavior [ RunTime:0.000021s ]
INFO: [ app_init ] --END-- [ RunTime:0.000466s ]

[ 2016-03-31T20:28:14+08:00 ] ::1 /webgame/index.php/admin/member/member_list
INFO: [ app_init ] --START--
INFO: Run Behavior\BuildLiteBehavior [ RunTime:0.000021s ]
INFO: [ app_init ] --END-- [ RunTime:0.000626s ]

[ 2016-03-31T20:28:15+08:00 ] ::1 /webgame/index.php/admin/member/member_list
INFO: [ app_init ] --START--
INFO: Run Behavior\BuildLiteBehavior [ RunTime:0.000019s ]
INFO: [ app_init ] --END-- [ RunTime:0.000443s ]

[ 2016-03-31T20:28:18+08:00 ] ::1 /webgame/index.php/admin/Member/member_role/id/2
INFO: [ app_init ] --START--
INFO: Run Behavior\BuildLiteBehavior [ RunTime:0.000025s ]
INFO: [ app_init ] --END-- [ RunTime:0.000812s ]

[ 2016-03-31T20:32:21+08:00 ] ::1 /webgame/index.php/admin/Member/member_role/id/2
INFO: [ app_init ] --START--
INFO: Run Behavior\BuildLiteBehavior [ RunTime:0.000032s ]
INFO: [ app_init ] --END-- [ RunTime:0.000708s ]

[ 2016-03-31T20:32:31+08:00 ] ::1 /webgame/index.php/admin/Member/member_role/id/2
INFO: [ app_init ] --START--
INFO: Run Behavior\BuildLiteBehavior [ RunTime:0.000024s ]
INFO: [ app_init ] --END-- [ RunTime:0.000665s ]

[ 2016-03-31T20:32:48+08:00 ] ::1 /webgame/index.php/admin/Member/member_role/id/2
INFO: [ app_init ] --START--
INFO: Run Behavior\BuildLiteBehavior [ RunTime:0.000020s ]
INFO: [ app_init ] --END-- [ RunTime:0.000440s ]

[ 2016-03-31T20:33:20+08:00 ] ::1 /webgame/index.php/admin/Member/member_role/id/2
INFO: [ app_init ] --START--
INFO: Run Behavior\BuildLiteBehavior [ RunTime:0.000025s ]
INFO: [ app_init ] --END-- [ RunTime:0.000736s ]

[ 2016-03-31T20:35:32+08:00 ] ::1 /webgame/index.php/admin/Member/member_role/id/2
INFO: [ app_init ] --START--
INFO: Run Behavior\BuildLiteBehavior [ RunTime:0.000020s ]
INFO: [ app_init ] --END-- [ RunTime:0.000472s ]
ERR: 模板不存在:./Application/Admin/View/Member/member_role.html

[ 2016-03-31T20:35:59+08:00 ] ::1 /webgame/index.php/admin/system/group_add
INFO: [ app_init ] --START--
INFO: Run Behavior\BuildLiteBehavior [ RunTime:0.000030s ]
INFO: [ app_init ] --END-- [ RunTime:0.000645s ]

[ 2016-03-31T20:36:06+08:00 ] ::1 /webgame/index.php/admin/System/group_menu_add/id/2
INFO: [ app_init ] --START--
INFO: Run Behavior\BuildLiteBehavior [ RunTime:0.000035s ]
INFO: [ app_init ] --END-- [ RunTime:0.001068s ]

[ 2016-03-31T20:37:12+08:00 ] ::1 /webgame/index.php/admin/Member/member_role/id/2
INFO: [ app_init ] --START--
INFO: Run Behavior\BuildLiteBehavior [ RunTime:0.000020s ]
INFO: [ app_init ] --END-- [ RunTime:0.000463s ]

[ 2016-03-31T20:40:25+08:00 ] ::1 /webgame/index.php/admin/Member/member_role/id/2
INFO: [ app_init ] --START--
INFO: Run Behavior\BuildLiteBehavior [ RunTime:0.000030s ]
INFO: [ app_init ] --END-- [ RunTime:0.000654s ]

[ 2016-03-31T20:41:03+08:00 ] ::1 /webgame/index.php/admin/Member/member_role/id/2
INFO: [ app_init ] --START--
INFO: Run Behavior\BuildLiteBehavior [ RunTime:0.000021s ]
INFO: [ app_init ] --END-- [ RunTime:0.000473s ]

[ 2016-03-31T20:43:42+08:00 ] ::1 /webgame/index.php/admin/Member/member_role/id/2
INFO: [ app_init ] --START--
INFO: Run Behavior\BuildLiteBehavior [ RunTime:0.000020s ]
INFO: [ app_init ] --END-- [ RunTime:0.000444s ]

[ 2016-03-31T20:44:46+08:00 ] ::1 /webgame/index.php/admin/Member/member_role/id/2
INFO: [ app_init ] --START--
INFO: Run Behavior\BuildLiteBehavior [ RunTime:0.000020s ]
INFO: [ app_init ] --END-- [ RunTime:0.000447s ]

[ 2016-03-31T20:46:00+08:00 ] ::1 /webgame/index.php/admin/Member/member_role/id/2
INFO: [ app_init ] --START--
INFO: Run Behavior\BuildLiteBehavior [ RunTime:0.000020s ]
INFO: [ app_init ] --END-- [ RunTime:0.000453s ]

[ 2016-03-31T20:46:45+08:00 ] ::1 /webgame/index.php/admin/Member/member_role/id/2
INFO: [ app_init ] --START--
INFO: Run Behavior\BuildLiteBehavior [ RunTime:0.000022s ]
INFO: [ app_init ] --END-- [ RunTime:0.000423s ]

[ 2016-03-31T20:47:58+08:00 ] ::1 /webgame/index.php/admin/Member/member_role/id/2
INFO: [ app_init ] --START--
INFO: Run Behavior\BuildLiteBehavior [ RunTime:0.000020s ]
INFO: [ app_init ] --END-- [ RunTime:0.000454s ]

[ 2016-03-31T20:48:24+08:00 ] ::1 /webgame/index.php/admin/Member/member_role/id/2
INFO: [ app_init ] --START--
INFO: Run Behavior\BuildLiteBehavior [ RunTime:0.000021s ]
INFO: [ app_init ] --END-- [ RunTime:0.000458s ]

[ 2016-03-31T20:53:07+08:00 ] ::1 /webgame/index.php/admin/Member/member_role/id/2
INFO: [ app_init ] --START--
INFO: Run Behavior\BuildLiteBehavior [ RunTime:0.000020s ]
INFO: [ app_init ] --END-- [ RunTime:0.000477s ]

[ 2016-03-31T21:04:08+08:00 ] ::1 /webgame/index.php/admin/Member/member_role/id/2
INFO: [ app_init ] --START--
INFO: Run Behavior\BuildLiteBehavior [ RunTime:0.000027s ]
INFO: [ app_init ] --END-- [ RunTime:0.000526s ]

[ 2016-03-31T21:04:11+08:00 ] ::1 /webgame/index.php/admin/Member/member_role
INFO: [ app_init ] --START--
INFO: Run Behavior\BuildLiteBehavior [ RunTime:0.000023s ]
INFO: [ app_init ] --END-- [ RunTime:0.000750s ]
ERR: 模板不存在:./Application/Admin/View/Member/必要参数不能为空！.html

[ 2016-03-31T21:05:17+08:00 ] ::1 /webgame/index.php/admin/Member/member_role
INFO: [ app_init ] --START--
INFO: Run Behavior\BuildLiteBehavior [ RunTime:0.000019s ]
INFO: [ app_init ] --END-- [ RunTime:0.000440s ]

[ 2016-03-31T21:05:51+08:00 ] ::1 /webgame/index.php/admin/Member/member_role/id/2
INFO: [ app_init ] --START--
INFO: Run Behavior\BuildLiteBehavior [ RunTime:0.000019s ]
INFO: [ app_init ] --END-- [ RunTime:0.000424s ]

[ 2016-03-31T21:05:54+08:00 ] ::1 /webgame/index.php/admin/Member/member_role
INFO: [ app_init ] --START--
INFO: Run Behavior\BuildLiteBehavior [ RunTime:0.000033s ]
INFO: [ app_init ] --END-- [ RunTime:0.000821s ]

[ 2016-03-31T21:06:01+08:00 ] ::1 /webgame/index.php/admin/Member/member_role/id/2
INFO: [ app_init ] --START--
INFO: Run Behavior\BuildLiteBehavior [ RunTime:0.000021s ]
INFO: [ app_init ] --END-- [ RunTime:0.000424s ]

[ 2016-03-31T21:06:32+08:00 ] ::1 /webgame/index.php/admin/Member/member_role/id/2
INFO: [ app_init ] --START--
INFO: Run Behavior\BuildLiteBehavior [ RunTime:0.000020s ]
INFO: [ app_init ] --END-- [ RunTime:0.000515s ]

[ 2016-03-31T21:06:34+08:00 ] ::1 /webgame/index.php/admin/Member/member_role
INFO: [ app_init ] --START--
INFO: Run Behavior\BuildLiteBehavior [ RunTime:0.000018s ]
INFO: [ app_init ] --END-- [ RunTime:0.000425s ]

[ 2016-03-31T21:06:54+08:00 ] ::1 /webgame/index.php/admin/Member/member_role/id/2
INFO: [ app_init ] --START--
INFO: Run Behavior\BuildLiteBehavior [ RunTime:0.000019s ]
INFO: [ app_init ] --END-- [ RunTime:0.000422s ]

[ 2016-03-31T21:07:10+08:00 ] 127.0.0.1 /webgame/index.php/admin/Member/member_role/id/2
INFO: [ app_init ] --START--
INFO: Run Behavior\BuildLiteBehavior [ RunTime:0.000020s ]
INFO: [ app_init ] --END-- [ RunTime:0.000460s ]

[ 2016-03-31T21:07:13+08:00 ] 127.0.0.1 /webgame/index.php/admin/base/login.html
INFO: [ app_init ] --START--
INFO: Run Behavior\BuildLiteBehavior [ RunTime:0.000021s ]
INFO: [ app_init ] --END-- [ RunTime:0.000419s ]

[ 2016-03-31T21:07:13+08:00 ] 127.0.0.1 /webgame/index.php/admin/Comhelper/verify
INFO: [ app_init ] --START--
INFO: Run Behavior\BuildLiteBehavior [ RunTime:0.000035s ]
INFO: [ app_init ] --END-- [ RunTime:0.000672s ]

[ 2016-03-31T21:07:17+08:00 ] 127.0.0.1 /webgame/index.php/admin/Comhelper/verify?0.10769206725838348
INFO: [ app_init ] --START--
INFO: Run Behavior\BuildLiteBehavior [ RunTime:0.000020s ]
INFO: [ app_init ] --END-- [ RunTime:0.000455s ]

[ 2016-03-31T21:07:18+08:00 ] 127.0.0.1 /webgame/index.php/admin/Comhelper/verify?0.451917125400624
INFO: [ app_init ] --START--
INFO: Run Behavior\BuildLiteBehavior [ RunTime:0.000018s ]
INFO: [ app_init ] --END-- [ RunTime:0.000459s ]

[ 2016-03-31T21:07:21+08:00 ] 127.0.0.1 /webgame/index.php/admin/base/login.html
INFO: [ app_init ] --START--
INFO: Run Behavior\BuildLiteBehavior [ RunTime:0.000020s ]
INFO: [ app_init ] --END-- [ RunTime:0.000487s ]

[ 2016-03-31T21:07:21+08:00 ] 127.0.0.1 /webgame/index.php/admin/Comhelper/verify
INFO: [ app_init ] --START--
INFO: Run Behavior\BuildLiteBehavior [ RunTime:0.000019s ]
INFO: [ app_init ] --END-- [ RunTime:0.000424s ]

[ 2016-03-31T21:07:30+08:00 ] 127.0.0.1 /webgame/index.php/admin/Comhelper/verify?0.39583045532206157
INFO: [ app_init ] --START--
INFO: Run Behavior\BuildLiteBehavior [ RunTime:0.000019s ]
INFO: [ app_init ] --END-- [ RunTime:0.000425s ]

[ 2016-03-31T21:07:31+08:00 ] 127.0.0.1 /webgame/index.php/admin/Comhelper/verify?0.2762650575396307
INFO: [ app_init ] --START--
INFO: Run Behavior\BuildLiteBehavior [ RunTime:0.000019s ]
INFO: [ app_init ] --END-- [ RunTime:0.000449s ]

[ 2016-03-31T21:07:37+08:00 ] 127.0.0.1 /webgame/index.php/admin/Base/login
INFO: [ app_init ] --START--
INFO: Run Behavior\BuildLiteBehavior [ RunTime:0.000031s ]
INFO: [ app_init ] --END-- [ RunTime:0.000716s ]

[ 2016-03-31T21:07:41+08:00 ] 127.0.0.1 /webgame/index.php/admin/Comhelper/verify
INFO: [ app_init ] --START--
INFO: Run Behavior\BuildLiteBehavior [ RunTime:0.000030s ]
INFO: [ app_init ] --END-- [ RunTime:0.000636s ]

[ 2016-03-31T21:08:07+08:00 ] 127.0.0.1 /webgame/index.php/admin/Base/login
INFO: [ app_init ] --START--
INFO: Run Behavior\BuildLiteBehavior [ RunTime:0.000019s ]
INFO: [ app_init ] --END-- [ RunTime:0.000432s ]

[ 2016-03-31T21:08:10+08:00 ] 127.0.0.1 /webgame/index.php/admin/Comhelper/verify
INFO: [ app_init ] --START--
INFO: Run Behavior\BuildLiteBehavior [ RunTime:0.000022s ]
INFO: [ app_init ] --END-- [ RunTime:0.000688s ]

[ 2016-03-31T21:08:20+08:00 ] ::1 /webgame/index.php/admin/Member/member_role/id/2
INFO: [ app_init ] --START--
INFO: Run Behavior\BuildLiteBehavior [ RunTime:0.000021s ]
INFO: [ app_init ] --END-- [ RunTime:0.000519s ]

[ 2016-03-31T21:08:24+08:00 ] ::1 /webgame/index.php/admin/Member/member_role/id/2
INFO: [ app_init ] --START--
INFO: Run Behavior\BuildLiteBehavior [ RunTime:0.000019s ]
INFO: [ app_init ] --END-- [ RunTime:0.000455s ]

[ 2016-03-31T21:10:23+08:00 ] ::1 /webgame/index.php/admin/Member/member_role/id/2
INFO: [ app_init ] --START--
INFO: Run Behavior\BuildLiteBehavior [ RunTime:0.000020s ]
INFO: [ app_init ] --END-- [ RunTime:0.000570s ]

[ 2016-03-31T21:10:25+08:00 ] ::1 /webgame/index.php/admin/Base/logout
INFO: [ app_init ] --START--
INFO: Run Behavior\BuildLiteBehavior [ RunTime:0.000018s ]
INFO: [ app_init ] --END-- [ RunTime:0.000446s ]

[ 2016-03-31T21:11:33+08:00 ] ::1 /webgame/index.php/admin/Base/logout
INFO: [ app_init ] --START--
INFO: Run Behavior\BuildLiteBehavior [ RunTime:0.000021s ]
INFO: [ app_init ] --END-- [ RunTime:0.000461s ]

[ 2016-03-31T21:11:34+08:00 ] ::1 /webgame/index.php/admin/Comhelper/verify
INFO: [ app_init ] --START--
INFO: Run Behavior\BuildLiteBehavior [ RunTime:0.000072s ]
INFO: [ app_init ] --END-- [ RunTime:0.001376s ]

[ 2016-03-31T21:11:34+08:00 ] ::1 /webgame/index.php/admin/base/login.html
INFO: [ app_init ] --START--
INFO: Run Behavior\BuildLiteBehavior [ RunTime:0.000019s ]
INFO: [ app_init ] --END-- [ RunTime:0.000489s ]

[ 2016-03-31T21:11:35+08:00 ] ::1 /webgame/index.php/admin/Comhelper/verify
INFO: [ app_init ] --START--
INFO: Run Behavior\BuildLiteBehavior [ RunTime:0.000033s ]
INFO: [ app_init ] --END-- [ RunTime:0.000578s ]

[ 2016-03-31T21:12:00+08:00 ] ::1 /webgame/index.php/admin/Base/login
INFO: [ app_init ] --START--
INFO: Run Behavior\BuildLiteBehavior [ RunTime:0.000023s ]
INFO: [ app_init ] --END-- [ RunTime:0.000765s ]

[ 2016-03-31T21:12:03+08:00 ] ::1 /webgame/index.php/admin/Base/login
INFO: [ app_init ] --START--
INFO: Run Behavior\BuildLiteBehavior [ RunTime:0.000022s ]
INFO: [ app_init ] --END-- [ RunTime:0.000483s ]

[ 2016-03-31T21:12:38+08:00 ] ::1 /webgame/index.php/admin/Comhelper/verify?0.5777260684408247
INFO: [ app_init ] --START--
INFO: Run Behavior\BuildLiteBehavior [ RunTime:0.000019s ]
INFO: [ app_init ] --END-- [ RunTime:0.000464s ]

[ 2016-03-31T21:12:45+08:00 ] ::1 /webgame/index.php/admin/Base/login
INFO: [ app_init ] --START--
INFO: Run Behavior\BuildLiteBehavior [ RunTime:0.000034s ]
INFO: [ app_init ] --END-- [ RunTime:0.000926s ]

[ 2016-03-31T21:12:48+08:00 ] ::1 /webgame/index.php/admin/Base/login
INFO: [ app_init ] --START--
INFO: Run Behavior\BuildLiteBehavior [ RunTime:0.000021s ]
INFO: [ app_init ] --END-- [ RunTime:0.000502s ]

[ 2016-03-31T21:14:22+08:00 ] ::1 /webgame/index.php/admin/Base/login
INFO: [ app_init ] --START--
INFO: Run Behavior\BuildLiteBehavior [ RunTime:0.000019s ]
INFO: [ app_init ] --END-- [ RunTime:0.000536s ]

[ 2016-03-31T21:14:25+08:00 ] ::1 /webgame/index.php/admin/Base/login
INFO: [ app_init ] --START--
INFO: Run Behavior\BuildLiteBehavior [ RunTime:0.000019s ]
INFO: [ app_init ] --END-- [ RunTime:0.000407s ]

[ 2016-03-31T21:15:03+08:00 ] ::1 /webgame/index.php/admin/Base/login
INFO: [ app_init ] --START--
INFO: Run Behavior\BuildLiteBehavior [ RunTime:0.000019s ]
INFO: [ app_init ] --END-- [ RunTime:0.000450s ]

[ 2016-03-31T21:15:06+08:00 ] ::1 /webgame/index.php/admin/Base/login
INFO: [ app_init ] --START--
INFO: Run Behavior\BuildLiteBehavior [ RunTime:0.000030s ]
INFO: [ app_init ] --END-- [ RunTime:0.000635s ]

[ 2016-03-31T21:15:07+08:00 ] ::1 /webgame/index.php/admin/Comhelper/verify?0.25441090832464397
INFO: [ app_init ] --START--
INFO: Run Behavior\BuildLiteBehavior [ RunTime:0.000033s ]
INFO: [ app_init ] --END-- [ RunTime:0.000653s ]

[ 2016-03-31T21:15:27+08:00 ] ::1 /webgame/index.php/admin/Base/login
INFO: [ app_init ] --START--
INFO: Run Behavior\BuildLiteBehavior [ RunTime:0.000021s ]
INFO: [ app_init ] --END-- [ RunTime:0.000504s ]

[ 2016-03-31T21:15:30+08:00 ] ::1 /webgame/index.php/admin/Base/login
INFO: [ app_init ] --START--
INFO: Run Behavior\BuildLiteBehavior [ RunTime:0.000020s ]
INFO: [ app_init ] --END-- [ RunTime:0.000489s ]

[ 2016-03-31T21:15:47+08:00 ] ::1 /webgame/index.php/admin/Comhelper/verify?0.4953994760289788
INFO: [ app_init ] --START--
INFO: Run Behavior\BuildLiteBehavior [ RunTime:0.000021s ]
INFO: [ app_init ] --END-- [ RunTime:0.000523s ]

[ 2016-03-31T21:15:48+08:00 ] ::1 /webgame/index.php/admin/Comhelper/verify?0.07292323862202466
INFO: [ app_init ] --START--
INFO: Run Behavior\BuildLiteBehavior [ RunTime:0.000018s ]
INFO: [ app_init ] --END-- [ RunTime:0.000445s ]

[ 2016-03-31T21:15:54+08:00 ] ::1 /webgame/index.php/admin/Base/login
INFO: [ app_init ] --START--
INFO: Run Behavior\BuildLiteBehavior [ RunTime:0.000019s ]
INFO: [ app_init ] --END-- [ RunTime:0.000460s ]

[ 2016-03-31T21:15:59+08:00 ] ::1 /webgame/index.php/admin/index/index.html
INFO: [ app_init ] --START--
INFO: Run Behavior\BuildLiteBehavior [ RunTime:0.000022s ]
INFO: [ app_init ] --END-- [ RunTime:0.000554s ]

[ 2016-03-31T21:15:59+08:00 ] ::1 /webgame/index.php/admin/index/index.html
INFO: [ app_init ] --START--
INFO: Run Behavior\BuildLiteBehavior [ RunTime:0.000109s ]
INFO: [ app_init ] --END-- [ RunTime:0.001178s ]

[ 2016-03-31T21:16:00+08:00 ] ::1 /webgame/index.php/admin/index/index.html
INFO: [ app_init ] --START--
INFO: Run Behavior\BuildLiteBehavior [ RunTime:0.000036s ]
INFO: [ app_init ] --END-- [ RunTime:0.000727s ]

[ 2016-03-31T21:16:01+08:00 ] ::1 /webgame/index.php/admin/index/index.html
INFO: [ app_init ] --START--
INFO: Run Behavior\BuildLiteBehavior [ RunTime:0.000033s ]
INFO: [ app_init ] --END-- [ RunTime:0.000780s ]

[ 2016-03-31T21:16:04+08:00 ] ::1 /webgame/index.php/admin/index/index.html
INFO: [ app_init ] --START--
INFO: Run Behavior\BuildLiteBehavior [ RunTime:0.000018s ]
INFO: [ app_init ] --END-- [ RunTime:0.000403s ]

[ 2016-03-31T21:16:05+08:00 ] ::1 /webgame/index.php/admin/index/index.html
INFO: [ app_init ] --START--
INFO: Run Behavior\BuildLiteBehavior [ RunTime:0.000022s ]
INFO: [ app_init ] --END-- [ RunTime:0.000589s ]

[ 2016-03-31T21:16:05+08:00 ] ::1 /webgame/index.php/admin/index/index.html
INFO: [ app_init ] --START--
INFO: Run Behavior\BuildLiteBehavior [ RunTime:0.000019s ]
INFO: [ app_init ] --END-- [ RunTime:0.000423s ]

[ 2016-03-31T21:16:05+08:00 ] ::1 /webgame/index.php/admin/index/index.html
INFO: [ app_init ] --START--
INFO: Run Behavior\BuildLiteBehavior [ RunTime:0.000023s ]
INFO: [ app_init ] --END-- [ RunTime:0.000485s ]

[ 2016-03-31T21:16:05+08:00 ] ::1 /webgame/index.php/admin/index/index.html
INFO: [ app_init ] --START--
INFO: Run Behavior\BuildLiteBehavior [ RunTime:0.000031s ]
INFO: [ app_init ] --END-- [ RunTime:0.000698s ]

[ 2016-03-31T21:16:06+08:00 ] ::1 /webgame/index.php/admin/index/index.html
INFO: [ app_init ] --START--
INFO: Run Behavior\BuildLiteBehavior [ RunTime:0.000030s ]
INFO: [ app_init ] --END-- [ RunTime:0.000662s ]

[ 2016-03-31T21:24:04+08:00 ] ::1 /webgame/index.php/admin/index/index.html
INFO: [ app_init ] --START--
INFO: Run Behavior\BuildLiteBehavior [ RunTime:0.000023s ]
INFO: [ app_init ] --END-- [ RunTime:0.000931s ]

[ 2016-03-31T21:25:25+08:00 ] ::1 /webgame/index.php/admin/index/index.html
INFO: [ app_init ] --START--
INFO: Run Behavior\BuildLiteBehavior [ RunTime:0.000031s ]
INFO: [ app_init ] --END-- [ RunTime:0.000644s ]

[ 2016-03-31T21:27:56+08:00 ] ::1 /webgame/index.php/admin/index/index.html
INFO: [ app_init ] --START--
INFO: Run Behavior\BuildLiteBehavior [ RunTime:0.000025s ]
INFO: [ app_init ] --END-- [ RunTime:0.001426s ]

[ 2016-03-31T21:28:02+08:00 ] ::1 /webgame/index.php/admin/index/index.html
INFO: [ app_init ] --START--
INFO: Run Behavior\BuildLiteBehavior [ RunTime:0.000020s ]
INFO: [ app_init ] --END-- [ RunTime:0.000433s ]

[ 2016-03-31T21:37:43+08:00 ] ::1 /webgame/index.php/admin/index/index.html
INFO: [ app_init ] --START--
INFO: Run Behavior\BuildLiteBehavior [ RunTime:0.000019s ]
INFO: [ app_init ] --END-- [ RunTime:0.000464s ]

[ 2016-03-31T21:38:02+08:00 ] ::1 /webgame/index.php/admin/index/index.html
INFO: [ app_init ] --START--
INFO: Run Behavior\BuildLiteBehavior [ RunTime:0.000021s ]
INFO: [ app_init ] --END-- [ RunTime:0.000478s ]

[ 2016-03-31T21:39:40+08:00 ] ::1 /webgame/index.php/admin/index/index.html
INFO: [ app_init ] --START--
INFO: Run Behavior\BuildLiteBehavior [ RunTime:0.000018s ]
INFO: [ app_init ] --END-- [ RunTime:0.000496s ]

[ 2016-03-31T21:41:06+08:00 ] ::1 /webgame/index.php/admin/Base/login
INFO: [ app_init ] --START--
INFO: Run Behavior\BuildLiteBehavior [ RunTime:0.000019s ]
INFO: [ app_init ] --END-- [ RunTime:0.000453s ]

[ 2016-03-31T21:41:09+08:00 ] ::1 /webgame/index.php/admin/Base/login
INFO: [ app_init ] --START--
INFO: Run Behavior\BuildLiteBehavior [ RunTime:0.000022s ]
INFO: [ app_init ] --END-- [ RunTime:0.000552s ]

[ 2016-03-31T21:41:52+08:00 ] ::1 /webgame/index.php/admin/Comhelper/verify?0.34350802656263113
INFO: [ app_init ] --START--
INFO: Run Behavior\BuildLiteBehavior [ RunTime:0.000032s ]
INFO: [ app_init ] --END-- [ RunTime:0.000673s ]

[ 2016-03-31T21:41:59+08:00 ] ::1 /webgame/index.php/admin/Base/login
INFO: [ app_init ] --START--
INFO: Run Behavior\BuildLiteBehavior [ RunTime:0.000133s ]
INFO: [ app_init ] --END-- [ RunTime:0.000895s ]

[ 2016-03-31T21:42:02+08:00 ] ::1 /webgame/index.php/admin/Base/login
INFO: [ app_init ] --START--
INFO: Run Behavior\BuildLiteBehavior [ RunTime:0.000023s ]
INFO: [ app_init ] --END-- [ RunTime:0.000769s ]

[ 2016-03-31T21:42:04+08:00 ] ::1 /webgame/index.php/admin/Comhelper/verify?0.9207460680045187
INFO: [ app_init ] --START--
INFO: Run Behavior\BuildLiteBehavior [ RunTime:0.000021s ]
INFO: [ app_init ] --END-- [ RunTime:0.000416s ]

[ 2016-03-31T21:42:10+08:00 ] ::1 /webgame/index.php/admin/Base/login
INFO: [ app_init ] --START--
INFO: Run Behavior\BuildLiteBehavior [ RunTime:0.000023s ]
INFO: [ app_init ] --END-- [ RunTime:0.000546s ]

[ 2016-03-31T21:42:14+08:00 ] ::1 /webgame/index.php/admin/index/index.html
INFO: [ app_init ] --START--
INFO: Run Behavior\BuildLiteBehavior [ RunTime:0.000023s ]
INFO: [ app_init ] --END-- [ RunTime:0.000479s ]

[ 2016-03-31T21:42:18+08:00 ] ::1 /webgame/index.php/admin/index/index.html
INFO: [ app_init ] --START--
INFO: Run Behavior\BuildLiteBehavior [ RunTime:0.000019s ]
INFO: [ app_init ] --END-- [ RunTime:0.000445s ]

[ 2016-03-31T21:42:19+08:00 ] ::1 /webgame/index.php/admin/index/index.html
INFO: [ app_init ] --START--
INFO: Run Behavior\BuildLiteBehavior [ RunTime:0.000019s ]
INFO: [ app_init ] --END-- [ RunTime:0.000468s ]

[ 2016-03-31T21:42:19+08:00 ] ::1 /webgame/index.php/admin/index/index.html
INFO: [ app_init ] --START--
INFO: Run Behavior\BuildLiteBehavior [ RunTime:0.000029s ]
INFO: [ app_init ] --END-- [ RunTime:0.000526s ]

[ 2016-03-31T21:42:19+08:00 ] ::1 /webgame/index.php/admin/index/index.html
INFO: [ app_init ] --START--
INFO: Run Behavior\BuildLiteBehavior [ RunTime:0.000032s ]
INFO: [ app_init ] --END-- [ RunTime:0.000661s ]

[ 2016-03-31T21:42:20+08:00 ] ::1 /webgame/index.php/admin/index/index.html
INFO: [ app_init ] --START--
INFO: Run Behavior\BuildLiteBehavior [ RunTime:0.000020s ]
INFO: [ app_init ] --END-- [ RunTime:0.000422s ]

[ 2016-03-31T21:43:02+08:00 ] ::1 /webgame/index.php/admin/System/group_rule_add/id/1
INFO: [ app_init ] --START--
INFO: Run Behavior\BuildLiteBehavior [ RunTime:0.000021s ]
INFO: [ app_init ] --END-- [ RunTime:0.000450s ]

[ 2016-03-31T21:43:03+08:00 ] ::1 /webgame/index.php/admin/System/group_rule_add/id/1
INFO: [ app_init ] --START--
INFO: Run Behavior\BuildLiteBehavior [ RunTime:0.000020s ]
INFO: [ app_init ] --END-- [ RunTime:0.000477s ]

[ 2016-03-31T21:43:03+08:00 ] ::1 /webgame/index.php/admin/System/group_rule_add/id/1
INFO: [ app_init ] --START--
INFO: Run Behavior\BuildLiteBehavior [ RunTime:0.000034s ]
INFO: [ app_init ] --END-- [ RunTime:0.000613s ]

[ 2016-03-31T21:43:03+08:00 ] ::1 /webgame/index.php/admin/System/group_rule_add/id/1
INFO: [ app_init ] --START--
INFO: Run Behavior\BuildLiteBehavior [ RunTime:0.000043s ]
INFO: [ app_init ] --END-- [ RunTime:0.000970s ]

[ 2016-03-31T21:43:03+08:00 ] ::1 /webgame/index.php/admin/System/group_rule_add/id/1
INFO: [ app_init ] --START--
INFO: Run Behavior\BuildLiteBehavior [ RunTime:0.000021s ]
INFO: [ app_init ] --END-- [ RunTime:0.000437s ]

[ 2016-03-31T21:43:04+08:00 ] ::1 /webgame/index.php/admin/System/group_rule_add/id/1
INFO: [ app_init ] --START--
INFO: Run Behavior\BuildLiteBehavior [ RunTime:0.000029s ]
INFO: [ app_init ] --END-- [ RunTime:0.000627s ]

[ 2016-03-31T21:43:04+08:00 ] ::1 /webgame/index.php/admin/System/group_rule_add/id/1
INFO: [ app_init ] --START--
INFO: Run Behavior\BuildLiteBehavior [ RunTime:0.000033s ]
INFO: [ app_init ] --END-- [ RunTime:0.000639s ]

[ 2016-03-31T21:45:40+08:00 ] ::1 /webgame/index.php/admin/System/group_rule_add/id/1
INFO: [ app_init ] --START--
INFO: Run Behavior\BuildLiteBehavior [ RunTime:0.000023s ]
INFO: [ app_init ] --END-- [ RunTime:0.000588s ]

[ 2016-03-31T21:47:33+08:00 ] ::1 /webgame/index.php/admin/system/group_list
INFO: [ app_init ] --START--
INFO: Run Behavior\BuildLiteBehavior [ RunTime:0.000029s ]
INFO: [ app_init ] --END-- [ RunTime:0.000689s ]

[ 2016-03-31T21:47:34+08:00 ] ::1 /webgame/index.php/admin/system/group_list
INFO: [ app_init ] --START--
INFO: Run Behavior\BuildLiteBehavior [ RunTime:0.000020s ]
INFO: [ app_init ] --END-- [ RunTime:0.000492s ]

[ 2016-03-31T21:47:34+08:00 ] ::1 /webgame/index.php/admin/system/group_list
INFO: [ app_init ] --START--
INFO: Run Behavior\BuildLiteBehavior [ RunTime:0.000021s ]
INFO: [ app_init ] --END-- [ RunTime:0.000495s ]

[ 2016-03-31T21:47:36+08:00 ] ::1 /webgame/index.php/admin/System/group_rule_add/id/3
INFO: [ app_init ] --START--
INFO: Run Behavior\BuildLiteBehavior [ RunTime:0.000020s ]
INFO: [ app_init ] --END-- [ RunTime:0.000503s ]

[ 2016-03-31T21:52:45+08:00 ] ::1 /webgame/index.php/admin/System/group_rule_add/id/3
INFO: [ app_init ] --START--
INFO: Run Behavior\BuildLiteBehavior [ RunTime:0.000022s ]
INFO: [ app_init ] --END-- [ RunTime:0.000484s ]

[ 2016-03-31T21:53:18+08:00 ] ::1 /webgame/index.php/admin/System/group_rule_add/id/3
INFO: [ app_init ] --START--
INFO: Run Behavior\BuildLiteBehavior [ RunTime:0.000022s ]
INFO: [ app_init ] --END-- [ RunTime:0.000647s ]

[ 2016-03-31T21:53:19+08:00 ] ::1 /webgame/index.php/admin/System/group_rule_add/id/3
INFO: [ app_init ] --START--
INFO: Run Behavior\BuildLiteBehavior [ RunTime:0.000019s ]
INFO: [ app_init ] --END-- [ RunTime:0.000450s ]

[ 2016-03-31T21:53:19+08:00 ] ::1 /webgame/index.php/admin/System/group_rule_add/id/3
INFO: [ app_init ] --START--
INFO: Run Behavior\BuildLiteBehavior [ RunTime:0.000028s ]
INFO: [ app_init ] --END-- [ RunTime:0.000515s ]

[ 2016-03-31T21:53:19+08:00 ] ::1 /webgame/index.php/admin/System/group_rule_add/id/3
INFO: [ app_init ] --START--
INFO: Run Behavior\BuildLiteBehavior [ RunTime:0.000032s ]
INFO: [ app_init ] --END-- [ RunTime:0.000634s ]

[ 2016-03-31T21:53:19+08:00 ] ::1 /webgame/index.php/admin/System/group_rule_add/id/3
INFO: [ app_init ] --START--
INFO: Run Behavior\BuildLiteBehavior [ RunTime:0.000036s ]
INFO: [ app_init ] --END-- [ RunTime:0.000859s ]

[ 2016-03-31T21:53:20+08:00 ] ::1 /webgame/index.php/admin/System/group_rule_add/id/3
INFO: [ app_init ] --START--
INFO: Run Behavior\BuildLiteBehavior [ RunTime:0.000030s ]
INFO: [ app_init ] --END-- [ RunTime:0.000663s ]

[ 2016-03-31T21:53:20+08:00 ] ::1 /webgame/index.php/admin/System/group_rule_add/id/3
INFO: [ app_init ] --START--
INFO: Run Behavior\BuildLiteBehavior [ RunTime:0.000035s ]
INFO: [ app_init ] --END-- [ RunTime:0.000680s ]

[ 2016-03-31T21:53:20+08:00 ] ::1 /webgame/index.php/admin/System/group_rule_add/id/3
INFO: [ app_init ] --START--
INFO: Run Behavior\BuildLiteBehavior [ RunTime:0.000036s ]
INFO: [ app_init ] --END-- [ RunTime:0.000750s ]

[ 2016-03-31T21:53:41+08:00 ] ::1 /webgame/index.php/admin/System/group_rule_add/id/3
INFO: [ app_init ] --START--
INFO: Run Behavior\BuildLiteBehavior [ RunTime:0.000019s ]
INFO: [ app_init ] --END-- [ RunTime:0.000487s ]

[ 2016-03-31T21:55:35+08:00 ] ::1 /webgame/index.php/admin/System/group_rule_add/id/3
INFO: [ app_init ] --START--
INFO: Run Behavior\BuildLiteBehavior [ RunTime:0.000019s ]
INFO: [ app_init ] --END-- [ RunTime:0.000475s ]
ERR: 1054:Unknown column 'content' in 'field list'
 [ SQL语句 ] : SELECT `id`,`title`,`content` FROM `tb_auth_group` WHERE `id` = 3 AND `status` = 1 

[ 2016-03-31T21:56:19+08:00 ] ::1 /webgame/index.php/admin/System/group_rule_add/id/3
INFO: [ app_init ] --START--
INFO: Run Behavior\BuildLiteBehavior [ RunTime:0.000021s ]
INFO: [ app_init ] --END-- [ RunTime:0.000612s ]

[ 2016-03-31T21:56:48+08:00 ] ::1 /webgame/index.php/admin/System/group_rule_add/id/3
INFO: [ app_init ] --START--
INFO: Run Behavior\BuildLiteBehavior [ RunTime:0.000024s ]
INFO: [ app_init ] --END-- [ RunTime:0.000554s ]

[ 2016-03-31T21:57:04+08:00 ] ::1 /webgame/index.php/admin/System/group_rule_add/id/3
INFO: [ app_init ] --START--
INFO: Run Behavior\BuildLiteBehavior [ RunTime:0.000024s ]
INFO: [ app_init ] --END-- [ RunTime:0.000625s ]

[ 2016-03-31T22:00:45+08:00 ] ::1 /webgame/index.php/admin/System/group_rule_add/id/3
INFO: [ app_init ] --START--
INFO: Run Behavior\BuildLiteBehavior [ RunTime:0.000021s ]
INFO: [ app_init ] --END-- [ RunTime:0.000503s ]

[ 2016-03-31T22:00:45+08:00 ] ::1 /webgame/index.php/admin/System/group_rule_add/id/3
INFO: [ app_init ] --START--
INFO: Run Behavior\BuildLiteBehavior [ RunTime:0.000021s ]
INFO: [ app_init ] --END-- [ RunTime:0.000528s ]

[ 2016-03-31T22:04:06+08:00 ] ::1 /webgame/index.php/admin/System/group_rule_add/id/3
INFO: [ app_init ] --START--
INFO: Run Behavior\BuildLiteBehavior [ RunTime:0.000028s ]
INFO: [ app_init ] --END-- [ RunTime:0.000627s ]

[ 2016-03-31T22:04:11+08:00 ] ::1 /webgame/index.php/admin/system/group_list
INFO: [ app_init ] --START--
INFO: Run Behavior\BuildLiteBehavior [ RunTime:0.000025s ]
INFO: [ app_init ] --END-- [ RunTime:0.000560s ]

[ 2016-03-31T22:04:19+08:00 ] ::1 /webgame/index.php/admin/System/group_menu_add/id/3
INFO: [ app_init ] --START--
INFO: Run Behavior\BuildLiteBehavior [ RunTime:0.000021s ]
INFO: [ app_init ] --END-- [ RunTime:0.000633s ]

[ 2016-03-31T22:07:50+08:00 ] ::1 /webgame/index.php/admin/System/group_menu_add/id/3
INFO: [ app_init ] --START--
INFO: Run Behavior\BuildLiteBehavior [ RunTime:0.000022s ]
INFO: [ app_init ] --END-- [ RunTime:0.000476s ]

[ 2016-03-31T22:07:59+08:00 ] ::1 /webgame/index.php/admin/System/group_rule_add/id/3
INFO: [ app_init ] --START--
INFO: Run Behavior\BuildLiteBehavior [ RunTime:0.000019s ]
INFO: [ app_init ] --END-- [ RunTime:0.000450s ]

[ 2016-03-31T22:08:02+08:00 ] ::1 /webgame/index.php/admin/System/group_rule_add
INFO: [ app_init ] --START--
INFO: Run Behavior\BuildLiteBehavior [ RunTime:0.000021s ]
INFO: [ app_init ] --END-- [ RunTime:0.000496s ]

[ 2016-03-31T22:09:01+08:00 ] ::1 /webgame/index.php/admin/System/group_rule_add
INFO: [ app_init ] --START--
INFO: Run Behavior\BuildLiteBehavior [ RunTime:0.000030s ]
INFO: [ app_init ] --END-- [ RunTime:0.001129s ]
ERR: 模板不存在:./Application/Admin/View/System/必要参数不能为空！.html

[ 2016-03-31T22:09:40+08:00 ] ::1 /webgame/index.php/admin/System/group_rule_add/id/3
INFO: [ app_init ] --START--
INFO: Run Behavior\BuildLiteBehavior [ RunTime:0.000022s ]
INFO: [ app_init ] --END-- [ RunTime:0.000561s ]

[ 2016-03-31T22:09:46+08:00 ] ::1 /webgame/index.php/admin/System/group_rule_add
INFO: [ app_init ] --START--
INFO: Run Behavior\BuildLiteBehavior [ RunTime:0.000024s ]
INFO: [ app_init ] --END-- [ RunTime:0.000508s ]

[ 2016-03-31T22:10:10+08:00 ] ::1 /webgame/index.php/admin/System/group_rule_add/id/3
INFO: [ app_init ] --START--
INFO: Run Behavior\BuildLiteBehavior [ RunTime:0.000021s ]
INFO: [ app_init ] --END-- [ RunTime:0.000446s ]

[ 2016-03-31T22:10:11+08:00 ] ::1 /webgame/index.php/admin/System/group_rule_add/id/3
INFO: [ app_init ] --START--
INFO: Run Behavior\BuildLiteBehavior [ RunTime:0.000021s ]
INFO: [ app_init ] --END-- [ RunTime:0.000514s ]

[ 2016-03-31T22:10:12+08:00 ] ::1 /webgame/index.php/admin/System/group_rule_add/id/3
INFO: [ app_init ] --START--
INFO: Run Behavior\BuildLiteBehavior [ RunTime:0.000034s ]
INFO: [ app_init ] --END-- [ RunTime:0.000625s ]

[ 2016-03-31T22:10:12+08:00 ] ::1 /webgame/index.php/admin/System/group_rule_add/id/3
INFO: [ app_init ] --START--
INFO: Run Behavior\BuildLiteBehavior [ RunTime:0.000020s ]
INFO: [ app_init ] --END-- [ RunTime:0.000408s ]

[ 2016-03-31T22:10:12+08:00 ] ::1 /webgame/index.php/admin/System/group_rule_add/id/3
INFO: [ app_init ] --START--
INFO: Run Behavior\BuildLiteBehavior [ RunTime:0.000028s ]
INFO: [ app_init ] --END-- [ RunTime:0.000519s ]

[ 2016-03-31T22:10:12+08:00 ] ::1 /webgame/index.php/admin/System/group_rule_add/id/3
INFO: [ app_init ] --START--
INFO: Run Behavior\BuildLiteBehavior [ RunTime:0.000032s ]
INFO: [ app_init ] --END-- [ RunTime:0.000662s ]

[ 2016-03-31T22:10:13+08:00 ] ::1 /webgame/index.php/admin/System/group_rule_add/id/3
INFO: [ app_init ] --START--
INFO: Run Behavior\BuildLiteBehavior [ RunTime:0.000029s ]
INFO: [ app_init ] --END-- [ RunTime:0.000553s ]

[ 2016-03-31T23:04:05+08:00 ] ::1 /webgame/index.php/admin/member/member_list
INFO: [ app_init ] --START--
INFO: Run Behavior\BuildLiteBehavior [ RunTime:0.000032s ]
INFO: [ app_init ] --END-- [ RunTime:0.000898s ]

[ 2016-03-31T23:21:21+08:00 ] ::1 /webgame/index.php/admin/System/rule_add
INFO: [ app_init ] --START--
INFO: Run Behavior\BuildLiteBehavior [ RunTime:0.000021s ]
INFO: [ app_init ] --END-- [ RunTime:0.000818s ]

[ 2016-03-31T23:23:58+08:00 ] ::1 /webgame/index.php/admin/System/menu_add
INFO: [ app_init ] --START--
INFO: Run Behavior\BuildLiteBehavior [ RunTime:0.000026s ]
INFO: [ app_init ] --END-- [ RunTime:0.000556s ]

[ 2016-03-31T23:32:54+08:00 ] ::1 /webgame/index.php/admin/system/menu_add
INFO: [ app_init ] --START--
INFO: Run Behavior\BuildLiteBehavior [ RunTime:0.000022s ]
INFO: [ app_init ] --END-- [ RunTime:0.000473s ]

[ 2016-03-31T23:32:57+08:00 ] ::1 /webgame/index.php/admin/system/rule_list
INFO: [ app_init ] --START--
INFO: Run Behavior\BuildLiteBehavior [ RunTime:0.000031s ]
INFO: [ app_init ] --END-- [ RunTime:0.000708s ]
ERR: 模板不存在:./Application/Admin/View/System/rule_list.html

[ 2016-03-31T23:34:05+08:00 ] ::1 /webgame/index.php/admin/system/menu_add
INFO: [ app_init ] --START--
INFO: Run Behavior\BuildLiteBehavior [ RunTime:0.000019s ]
INFO: [ app_init ] --END-- [ RunTime:0.000489s ]

[ 2016-03-31T23:34:10+08:00 ] ::1 /webgame/index.php/admin/system/rule_list
INFO: [ app_init ] --START--
INFO: Run Behavior\BuildLiteBehavior [ RunTime:0.000022s ]
INFO: [ app_init ] --END-- [ RunTime:0.000502s ]
ERR: 模板不存在:./Application/Admin/View/System/rule_list.html

[ 2016-03-31T23:34:37+08:00 ] ::1 /webgame/index.php/admin/system/rule_list
INFO: [ app_init ] --START--
INFO: Run Behavior\BuildLiteBehavior [ RunTime:0.000020s ]
INFO: [ app_init ] --END-- [ RunTime:0.000444s ]
ERR: 模板不存在:./Application/Admin/View/System/rule_list.html

[ 2016-03-31T23:35:08+08:00 ] ::1 /webgame/index.php/admin/system/rule_list
INFO: [ app_init ] --START--
INFO: Run Behavior\BuildLiteBehavior [ RunTime:0.000019s ]
INFO: [ app_init ] --END-- [ RunTime:0.000464s ]

[ 2016-03-31T23:40:50+08:00 ] ::1 /webgame/index.php/admin/system/rule_list
INFO: [ app_init ] --START--
INFO: Run Behavior\BuildLiteBehavior [ RunTime:0.000051s ]
INFO: [ app_init ] --END-- [ RunTime:0.003048s ]

[ 2016-03-31T23:49:25+08:00 ] ::1 /webgame/index.php/admin/system/rule_list
INFO: [ app_init ] --START--
INFO: Run Behavior\BuildLiteBehavior [ RunTime:0.000020s ]
INFO: [ app_init ] --END-- [ RunTime:0.000549s ]
ERR: 1146:Table 'webgame.tb_auth_role' doesn't exist
 [ SQL语句 ] : SHOW COLUMNS FROM `tb_auth_role`

[ 2016-03-31T23:49:58+08:00 ] ::1 /webgame/index.php/admin/system/rule_list
INFO: [ app_init ] --START--
INFO: Run Behavior\BuildLiteBehavior [ RunTime:0.000032s ]
INFO: [ app_init ] --END-- [ RunTime:0.000748s ]

[ 2016-03-31T23:51:53+08:00 ] ::1 /webgame/index.php/admin/system/rule_list
INFO: [ app_init ] --START--
INFO: Run Behavior\BuildLiteBehavior [ RunTime:0.000021s ]
INFO: [ app_init ] --END-- [ RunTime:0.000515s ]

[ 2016-03-31T23:52:08+08:00 ] ::1 /webgame/index.php/admin/system/rule_list
INFO: [ app_init ] --START--
INFO: Run Behavior\BuildLiteBehavior [ RunTime:0.000021s ]
INFO: [ app_init ] --END-- [ RunTime:0.000591s ]

[ 2016-03-31T23:52:18+08:00 ] ::1 /webgame/index.php/admin/system/rule_list
INFO: [ app_init ] --START--
INFO: Run Behavior\BuildLiteBehavior [ RunTime:0.000019s ]
INFO: [ app_init ] --END-- [ RunTime:0.000476s ]

[ 2016-03-31T23:52:45+08:00 ] ::1 /webgame/index.php/admin/base/login.html
INFO: [ app_init ] --START--
INFO: Run Behavior\BuildLiteBehavior [ RunTime:0.000034s ]
INFO: [ app_init ] --END-- [ RunTime:0.001129s ]

