[ 2016-03-17T10:44:18+08:00 ] ::1 /webgame/
INFO: [ app_init ] --START--
INFO: Run Behavior\BuildLiteBehavior [ RunTime:0.000140s ]
INFO: [ app_init ] --END-- [ RunTime:0.000776s ]
INFO: [ app_begin ] --START--
INFO: Run Behavior\ReadHtmlCacheBehavior [ RunTime:0.000753s ]
INFO: [ app_begin ] --END-- [ RunTime:0.000837s ]
INFO: [ view_parse ] --START--
INFO: [ template_filter ] --START--
INFO: Run Behavior\ContentReplaceBehavior [ RunTime:0.000048s ]
INFO: [ template_filter ] --END-- [ RunTime:0.000132s ]
INFO: Run Behavior\ParseTemplateBehavior [ RunTime:0.006675s ]
INFO: [ view_parse ] --END-- [ RunTime:0.006756s ]
INFO: [ view_filter ] --START--
INFO: Run Behavior\WriteHtmlCacheBehavior [ RunTime:0.000394s ]
INFO: [ view_filter ] --END-- [ RunTime:0.000463s ]
INFO: [ app_end ] --START--
INFO: Run Behavior\ShowPageTraceBehavior [ RunTime:0.000624s ]
INFO: [ app_end ] --END-- [ RunTime:0.000694s ]

[ 2016-03-17T10:50:21+08:00 ] ::1 /webgame/index.php/Admin/
INFO: [ app_init ] --START--
INFO: Run Behavior\BuildLiteBehavior [ RunTime:0.000020s ]
INFO: [ app_init ] --END-- [ RunTime:0.000505s ]

[ 2016-03-17T10:50:22+08:00 ] ::1 /webgame/index.php/Admin/
INFO: [ app_init ] --START--
INFO: Run Behavior\BuildLiteBehavior [ RunTime:0.000022s ]
INFO: [ app_init ] --END-- [ RunTime:0.000534s ]

[ 2016-03-17T10:50:22+08:00 ] ::1 /webgame/index.php/Admin/
INFO: [ app_init ] --START--
INFO: Run Behavior\BuildLiteBehavior [ RunTime:0.000019s ]
INFO: [ app_init ] --END-- [ RunTime:0.000438s ]

[ 2016-03-17T10:50:22+08:00 ] ::1 /webgame/index.php/Admin/
INFO: [ app_init ] --START--
INFO: Run Behavior\BuildLiteBehavior [ RunTime:0.000021s ]
INFO: [ app_init ] --END-- [ RunTime:0.000450s ]

[ 2016-03-17T10:50:22+08:00 ] ::1 /webgame/index.php/Admin/
INFO: [ app_init ] --START--
INFO: Run Behavior\BuildLiteBehavior [ RunTime:0.000021s ]
INFO: [ app_init ] --END-- [ RunTime:0.000481s ]

[ 2016-03-17T10:50:23+08:00 ] ::1 /webgame/index.php/Admin/
INFO: [ app_init ] --START--
INFO: Run Behavior\BuildLiteBehavior [ RunTime:0.000030s ]
INFO: [ app_init ] --END-- [ RunTime:0.000606s ]

[ 2016-03-17T10:50:23+08:00 ] ::1 /webgame/index.php/Admin/
INFO: [ app_init ] --START--
INFO: Run Behavior\BuildLiteBehavior [ RunTime:0.000021s ]
INFO: [ app_init ] --END-- [ RunTime:0.000443s ]

[ 2016-03-17T10:50:23+08:00 ] ::1 /webgame/index.php/Admin/
INFO: [ app_init ] --START--
INFO: Run Behavior\BuildLiteBehavior [ RunTime:0.000022s ]
INFO: [ app_init ] --END-- [ RunTime:0.000483s ]

[ 2016-03-17T10:50:23+08:00 ] ::1 /webgame/index.php/Admin/
INFO: [ app_init ] --START--
INFO: Run Behavior\BuildLiteBehavior [ RunTime:0.000021s ]
INFO: [ app_init ] --END-- [ RunTime:0.000448s ]

[ 2016-03-17T10:50:23+08:00 ] ::1 /webgame/index.php/Admin/
INFO: [ app_init ] --START--
INFO: Run Behavior\BuildLiteBehavior [ RunTime:0.000019s ]
INFO: [ app_init ] --END-- [ RunTime:0.000493s ]

[ 2016-03-17T10:50:24+08:00 ] ::1 /webgame/index.php/Admin/
INFO: [ app_init ] --START--
INFO: Run Behavior\BuildLiteBehavior [ RunTime:0.000030s ]
INFO: [ app_init ] --END-- [ RunTime:0.000611s ]

[ 2016-03-17T10:50:24+08:00 ] ::1 /webgame/index.php/Admin/
INFO: [ app_init ] --START--
INFO: Run Behavior\BuildLiteBehavior [ RunTime:0.000020s ]
INFO: [ app_init ] --END-- [ RunTime:0.000434s ]

[ 2016-03-17T10:51:00+08:00 ] ::1 /webgame/index.php/Admin/
INFO: [ app_init ] --START--
INFO: Run Behavior\BuildLiteBehavior [ RunTime:0.000031s ]
INFO: [ app_init ] --END-- [ RunTime:0.000633s ]

[ 2016-03-17T10:51:01+08:00 ] ::1 /webgame/index.php/Admin/
INFO: [ app_init ] --START--
INFO: Run Behavior\BuildLiteBehavior [ RunTime:0.000020s ]
INFO: [ app_init ] --END-- [ RunTime:0.000428s ]

[ 2016-03-17T10:51:07+08:00 ] ::1 /webgame/index.php/Admin/
INFO: [ app_init ] --START--
INFO: Run Behavior\BuildLiteBehavior [ RunTime:0.000020s ]
INFO: [ app_init ] --END-- [ RunTime:0.000655s ]

[ 2016-03-17T13:34:51+08:00 ] ::1 /webgame/index.php/Admin/System
INFO: [ app_init ] --START--
INFO: Run Behavior\BuildLiteBehavior [ RunTime:0.000021s ]
INFO: [ app_init ] --END-- [ RunTime:0.000748s ]

[ 2016-03-17T13:44:06+08:00 ] ::1 /webgame/index.php/Admin/
INFO: [ app_init ] --START--
INFO: Run Behavior\BuildLiteBehavior [ RunTime:0.000032s ]
INFO: [ app_init ] --END-- [ RunTime:0.000941s ]

[ 2016-03-17T13:44:19+08:00 ] ::1 /webgame/index.php/Admin/
INFO: [ app_init ] --START--
INFO: Run Behavior\BuildLiteBehavior [ RunTime:0.000030s ]
INFO: [ app_init ] --END-- [ RunTime:0.000683s ]

[ 2016-03-17T13:44:28+08:00 ] ::1 /webgame/index.php/Admin/
INFO: [ app_init ] --START--
INFO: Run Behavior\BuildLiteBehavior [ RunTime:0.000019s ]
INFO: [ app_init ] --END-- [ RunTime:0.000445s ]

[ 2016-03-17T13:45:31+08:00 ] ::1 /webgame/index.php/Admin/
INFO: [ app_init ] --START--
INFO: Run Behavior\BuildLiteBehavior [ RunTime:0.000031s ]
INFO: [ app_init ] --END-- [ RunTime:0.000747s ]

[ 2016-03-17T13:45:40+08:00 ] ::1 /webgame/index.php/Admin/System
INFO: [ app_init ] --START--
INFO: Run Behavior\BuildLiteBehavior [ RunTime:0.000032s ]
INFO: [ app_init ] --END-- [ RunTime:0.000722s ]
ERR: 模板不存在:./Application/Admin/View/System/index.html

[ 2016-03-17T13:59:54+08:00 ] ::1 /webgame/index.php/Admin/System/menu_add
INFO: [ app_init ] --START--
INFO: Run Behavior\BuildLiteBehavior [ RunTime:0.000033s ]
INFO: [ app_init ] --END-- [ RunTime:0.000929s ]

[ 2016-03-17T14:00:14+08:00 ] ::1 /webgame/index.php/Admin/System/menu_add
INFO: [ app_init ] --START--
INFO: Run Behavior\BuildLiteBehavior [ RunTime:0.000021s ]
INFO: [ app_init ] --END-- [ RunTime:0.000508s ]
ERR: 模板不存在:./Application/Admin/View/System/menu_add.html

[ 2016-03-17T14:02:44+08:00 ] ::1 /webgame/index.php/Admin/System/menu_add
INFO: [ app_init ] --START--
INFO: Run Behavior\BuildLiteBehavior [ RunTime:0.000020s ]
INFO: [ app_init ] --END-- [ RunTime:0.000480s ]

[ 2016-03-17T14:03:15+08:00 ] ::1 /webgame/index.php/Admin/System/menu_add
INFO: [ app_init ] --START--
INFO: Run Behavior\BuildLiteBehavior [ RunTime:0.000032s ]
INFO: [ app_init ] --END-- [ RunTime:0.000767s ]

[ 2016-03-17T14:13:11+08:00 ] ::1 /webgame/index.php/Admin/System/menu_add
INFO: [ app_init ] --START--
INFO: Run Behavior\BuildLiteBehavior [ RunTime:0.000020s ]
INFO: [ app_init ] --END-- [ RunTime:0.000451s ]

[ 2016-03-17T14:16:15+08:00 ] ::1 /webgame/index.php/Admin/System/menu_add
INFO: [ app_init ] --START--
INFO: Run Behavior\BuildLiteBehavior [ RunTime:0.000021s ]
INFO: [ app_init ] --END-- [ RunTime:0.000524s ]

[ 2016-03-17T14:16:56+08:00 ] ::1 /webgame/index.php/admin/System/menu_add
INFO: [ app_init ] --START--
INFO: Run Behavior\BuildLiteBehavior [ RunTime:0.000032s ]
INFO: [ app_init ] --END-- [ RunTime:0.000907s ]

[ 2016-03-17T14:39:33+08:00 ] ::1 /webgame/index.php/Admin/System/menu_add
INFO: [ app_init ] --START--
INFO: Run Behavior\BuildLiteBehavior [ RunTime:0.000031s ]
INFO: [ app_init ] --END-- [ RunTime:0.001033s ]

[ 2016-03-17T14:39:49+08:00 ] ::1 /webgame/index.php/admin/System/menu_add
INFO: [ app_init ] --START--
INFO: Run Behavior\BuildLiteBehavior [ RunTime:0.000033s ]
INFO: [ app_init ] --END-- [ RunTime:0.000779s ]

[ 2016-03-17T15:37:12+08:00 ] ::1 /webgame/index.php/Admin/System/menu_add
INFO: [ app_init ] --START--
INFO: Run Behavior\BuildLiteBehavior [ RunTime:0.000021s ]
INFO: [ app_init ] --END-- [ RunTime:0.000687s ]

[ 2016-03-17T15:37:13+08:00 ] ::1 /webgame/index.php/Admin/System/menu_add
INFO: [ app_init ] --START--
INFO: Run Behavior\BuildLiteBehavior [ RunTime:0.000024s ]
INFO: [ app_init ] --END-- [ RunTime:0.000594s ]

[ 2016-03-17T15:37:13+08:00 ] ::1 /webgame/index.php/Admin/System/menu_add
INFO: [ app_init ] --START--
INFO: Run Behavior\BuildLiteBehavior [ RunTime:0.000021s ]
INFO: [ app_init ] --END-- [ RunTime:0.000463s ]

[ 2016-03-17T15:37:13+08:00 ] ::1 /webgame/index.php/Admin/System/menu_add
INFO: [ app_init ] --START--
INFO: Run Behavior\BuildLiteBehavior [ RunTime:0.000021s ]
INFO: [ app_init ] --END-- [ RunTime:0.000462s ]

[ 2016-03-17T15:37:15+08:00 ] ::1 /webgame/index.php/Admin/System/menu_add
INFO: [ app_init ] --START--
INFO: Run Behavior\BuildLiteBehavior [ RunTime:0.000032s ]
INFO: [ app_init ] --END-- [ RunTime:0.000577s ]

[ 2016-03-17T15:37:15+08:00 ] ::1 /webgame/index.php/Admin/System/menu_add
INFO: [ app_init ] --START--
INFO: Run Behavior\BuildLiteBehavior [ RunTime:0.000031s ]
INFO: [ app_init ] --END-- [ RunTime:0.000646s ]

[ 2016-03-17T15:37:15+08:00 ] ::1 /webgame/index.php/Admin/System/menu_add
INFO: [ app_init ] --START--
INFO: Run Behavior\BuildLiteBehavior [ RunTime:0.000020s ]
INFO: [ app_init ] --END-- [ RunTime:0.000528s ]

[ 2016-03-17T15:39:25+08:00 ] ::1 /webgame/index.php/Admin/System/menu_add
INFO: [ app_init ] --START--
INFO: Run Behavior\BuildLiteBehavior [ RunTime:0.000031s ]
INFO: [ app_init ] --END-- [ RunTime:0.000658s ]

[ 2016-03-17T15:44:14+08:00 ] ::1 /webgame/index.php/Admin/System/menu_add
INFO: [ app_init ] --START--
INFO: Run Behavior\BuildLiteBehavior [ RunTime:0.000023s ]
INFO: [ app_init ] --END-- [ RunTime:0.000717s ]

[ 2016-03-17T15:44:15+08:00 ] ::1 /webgame/index.php/Admin/System/menu_add
INFO: [ app_init ] --START--
INFO: Run Behavior\BuildLiteBehavior [ RunTime:0.000021s ]
INFO: [ app_init ] --END-- [ RunTime:0.000476s ]

[ 2016-03-17T15:52:12+08:00 ] ::1 /webgame/index.php/Admin/System/rule_add
INFO: [ app_init ] --START--
INFO: Run Behavior\BuildLiteBehavior [ RunTime:0.000034s ]
INFO: [ app_init ] --END-- [ RunTime:0.000706s ]
ERR: 模板不存在:./Application/Admin/View/System/rule_add.html

[ 2016-03-17T15:53:30+08:00 ] ::1 /webgame/index.php/Admin/System/rule_add
INFO: [ app_init ] --START--
INFO: Run Behavior\BuildLiteBehavior [ RunTime:0.000030s ]
INFO: [ app_init ] --END-- [ RunTime:0.000556s ]

[ 2016-03-17T15:54:41+08:00 ] ::1 /webgame/index.php/Admin/System/rule_add
INFO: [ app_init ] --START--
INFO: Run Behavior\BuildLiteBehavior [ RunTime:0.000032s ]
INFO: [ app_init ] --END-- [ RunTime:0.000701s ]

[ 2016-03-17T15:56:52+08:00 ] ::1 /webgame/index.php/Admin/System/rule_add
INFO: [ app_init ] --START--
INFO: Run Behavior\BuildLiteBehavior [ RunTime:0.000030s ]
INFO: [ app_init ] --END-- [ RunTime:0.000615s ]

[ 2016-03-17T16:10:21+08:00 ] ::1 /webgame/index.php/Admin/System/rule_add
INFO: [ app_init ] --START--
INFO: Run Behavior\BuildLiteBehavior [ RunTime:0.000030s ]
INFO: [ app_init ] --END-- [ RunTime:0.000699s ]

[ 2016-03-17T16:10:30+08:00 ] ::1 /webgame/index.php/admin/System/rule_add
INFO: [ app_init ] --START--
INFO: Run Behavior\BuildLiteBehavior [ RunTime:0.000033s ]
INFO: [ app_init ] --END-- [ RunTime:0.000891s ]

[ 2016-03-17T16:33:26+08:00 ] ::1 /webgame/index.php/Admin/System/group_add
INFO: [ app_init ] --START--
INFO: Run Behavior\BuildLiteBehavior [ RunTime:0.000032s ]
INFO: [ app_init ] --END-- [ RunTime:0.000817s ]
ERR: 模板不存在:./Application/Admin/View/System/group_add.html

[ 2016-03-17T16:34:20+08:00 ] ::1 /webgame/index.php/Admin/System/group_add
INFO: [ app_init ] --START--
INFO: Run Behavior\BuildLiteBehavior [ RunTime:0.000030s ]
INFO: [ app_init ] --END-- [ RunTime:0.000643s ]

[ 2016-03-17T16:35:13+08:00 ] ::1 /webgame/index.php/Admin/System/group_add
INFO: [ app_init ] --START--
INFO: Run Behavior\BuildLiteBehavior [ RunTime:0.000032s ]
INFO: [ app_init ] --END-- [ RunTime:0.000610s ]

[ 2016-03-17T16:35:47+08:00 ] ::1 /webgame/index.php/Admin/System/group_add
INFO: [ app_init ] --START--
INFO: Run Behavior\BuildLiteBehavior [ RunTime:0.000031s ]
INFO: [ app_init ] --END-- [ RunTime:0.000663s ]

[ 2016-03-17T16:36:10+08:00 ] ::1 /webgame/index.php/Admin/System/group_add
INFO: [ app_init ] --START--
INFO: Run Behavior\BuildLiteBehavior [ RunTime:0.000029s ]
INFO: [ app_init ] --END-- [ RunTime:0.000682s ]

[ 2016-03-17T16:37:18+08:00 ] ::1 /webgame/index.php/Admin/System/group_add
INFO: [ app_init ] --START--
INFO: Run Behavior\BuildLiteBehavior [ RunTime:0.000020s ]
INFO: [ app_init ] --END-- [ RunTime:0.000465s ]

[ 2016-03-17T16:37:18+08:00 ] ::1 /webgame/index.php/Admin/System/group_add
INFO: [ app_init ] --START--
INFO: Run Behavior\BuildLiteBehavior [ RunTime:0.000034s ]
INFO: [ app_init ] --END-- [ RunTime:0.000985s ]

[ 2016-03-17T16:37:18+08:00 ] ::1 /webgame/index.php/Admin/System/group_add
INFO: [ app_init ] --START--
INFO: Run Behavior\BuildLiteBehavior [ RunTime:0.000035s ]
INFO: [ app_init ] --END-- [ RunTime:0.000821s ]

[ 2016-03-17T16:44:32+08:00 ] ::1 /webgame/index.php/Admin/System/group_add
INFO: [ app_init ] --START--
INFO: Run Behavior\BuildLiteBehavior [ RunTime:0.000031s ]
INFO: [ app_init ] --END-- [ RunTime:0.000673s ]

[ 2016-03-17T16:44:33+08:00 ] ::1 /webgame/index.php/admin/System/group_add
INFO: [ app_init ] --START--
INFO: Run Behavior\BuildLiteBehavior [ RunTime:0.000031s ]
INFO: [ app_init ] --END-- [ RunTime:0.000643s ]

[ 2016-03-17T16:47:32+08:00 ] ::1 /webgame/index.php/Admin/System/group_add
INFO: [ app_init ] --START--
INFO: Run Behavior\BuildLiteBehavior [ RunTime:0.000032s ]
INFO: [ app_init ] --END-- [ RunTime:0.000643s ]

[ 2016-03-17T16:47:35+08:00 ] ::1 /webgame/index.php/admin/System/group_add
INFO: [ app_init ] --START--
INFO: Run Behavior\BuildLiteBehavior [ RunTime:0.000020s ]
INFO: [ app_init ] --END-- [ RunTime:0.000451s ]

[ 2016-03-17T16:47:42+08:00 ] ::1 /webgame/index.php/Admin/System/group_add
INFO: [ app_init ] --START--
INFO: Run Behavior\BuildLiteBehavior [ RunTime:0.000021s ]
INFO: [ app_init ] --END-- [ RunTime:0.000449s ]

[ 2016-03-17T16:47:42+08:00 ] ::1 /webgame/index.php/Admin/System/group_add
INFO: [ app_init ] --START--
INFO: Run Behavior\BuildLiteBehavior [ RunTime:0.000037s ]
INFO: [ app_init ] --END-- [ RunTime:0.001075s ]

[ 2016-03-17T16:49:07+08:00 ] ::1 /webgame/index.php/Admin/System/group_add
INFO: [ app_init ] --START--
INFO: Run Behavior\BuildLiteBehavior [ RunTime:0.000029s ]
INFO: [ app_init ] --END-- [ RunTime:0.000738s ]

[ 2016-03-17T16:49:09+08:00 ] ::1 /webgame/index.php/admin/System/group_add
INFO: [ app_init ] --START--
INFO: Run Behavior\BuildLiteBehavior [ RunTime:0.000034s ]
INFO: [ app_init ] --END-- [ RunTime:0.000707s ]

[ 2016-03-17T16:49:17+08:00 ] ::1 /webgame/index.php/admin/System/group_add
INFO: [ app_init ] --START--
INFO: Run Behavior\BuildLiteBehavior [ RunTime:0.000047s ]
INFO: [ app_init ] --END-- [ RunTime:0.000828s ]

[ 2016-03-17T16:50:01+08:00 ] ::1 /webgame/index.php/Admin/System/group_add
INFO: [ app_init ] --START--
INFO: Run Behavior\BuildLiteBehavior [ RunTime:0.000021s ]
INFO: [ app_init ] --END-- [ RunTime:0.000473s ]

[ 2016-03-17T16:50:02+08:00 ] ::1 /webgame/index.php/admin/System/group_add
INFO: [ app_init ] --START--
INFO: Run Behavior\BuildLiteBehavior [ RunTime:0.000031s ]
INFO: [ app_init ] --END-- [ RunTime:0.000682s ]
ERR: 模板不存在:./Application/Admin/View/System/提交不能为空！.html

[ 2016-03-17T16:50:36+08:00 ] ::1 /webgame/index.php/Admin/System/group_add
INFO: [ app_init ] --START--
INFO: Run Behavior\BuildLiteBehavior [ RunTime:0.000021s ]
INFO: [ app_init ] --END-- [ RunTime:0.000503s ]

[ 2016-03-17T16:50:37+08:00 ] ::1 /webgame/index.php/admin/System/group_add
INFO: [ app_init ] --START--
INFO: Run Behavior\BuildLiteBehavior [ RunTime:0.000020s ]
INFO: [ app_init ] --END-- [ RunTime:0.000449s ]
ERR: 模板不存在:./Application/Admin/View/System/提交不能为空！.html

[ 2016-03-17T16:57:29+08:00 ] ::1 /webgame/index.php/Admin/System/group_add
INFO: [ app_init ] --START--
INFO: Run Behavior\BuildLiteBehavior [ RunTime:0.000031s ]
INFO: [ app_init ] --END-- [ RunTime:0.000742s ]

[ 2016-03-17T16:57:30+08:00 ] ::1 /webgame/index.php/admin/System/group_add
INFO: [ app_init ] --START--
INFO: Run Behavior\BuildLiteBehavior [ RunTime:0.000022s ]
INFO: [ app_init ] --END-- [ RunTime:0.000470s ]

[ 2016-03-17T16:59:18+08:00 ] ::1 /webgame/index.php/admin/System/group_add
INFO: [ app_init ] --START--
INFO: Run Behavior\BuildLiteBehavior [ RunTime:0.000049s ]
INFO: [ app_init ] --END-- [ RunTime:0.001349s ]

[ 2016-03-17T17:00:30+08:00 ] ::1 /webgame/index.php/Admin/System/group_add
INFO: [ app_init ] --START--
INFO: Run Behavior\BuildLiteBehavior [ RunTime:0.000030s ]
INFO: [ app_init ] --END-- [ RunTime:0.000556s ]

[ 2016-03-17T17:00:31+08:00 ] ::1 /webgame/index.php/Admin/System/group_add
INFO: [ app_init ] --START--
INFO: Run Behavior\BuildLiteBehavior [ RunTime:0.000034s ]
INFO: [ app_init ] --END-- [ RunTime:0.000724s ]

[ 2016-03-17T17:00:52+08:00 ] ::1 /webgame/index.php/admin/System/group_add
INFO: [ app_init ] --START--
INFO: Run Behavior\BuildLiteBehavior [ RunTime:0.000022s ]
INFO: [ app_init ] --END-- [ RunTime:0.000534s ]

[ 2016-03-17T17:17:04+08:00 ] ::1 /webgame/index.php/admin/System/group_add
INFO: [ app_init ] --START--
INFO: Run Behavior\BuildLiteBehavior [ RunTime:0.000046s ]
INFO: [ app_init ] --END-- [ RunTime:0.001238s ]

[ 2016-03-17T17:17:10+08:00 ] ::1 /webgame/index.php/Admin/System/rule_add
INFO: [ app_init ] --START--
INFO: Run Behavior\BuildLiteBehavior [ RunTime:0.000020s ]
INFO: [ app_init ] --END-- [ RunTime:0.000514s ]

[ 2016-03-17T17:20:08+08:00 ] ::1 /webgame/index.php/Admin/System/group_add
INFO: [ app_init ] --START--
INFO: Run Behavior\BuildLiteBehavior [ RunTime:0.000025s ]
INFO: [ app_init ] --END-- [ RunTime:0.001137s ]

[ 2016-03-17T17:20:18+08:00 ] ::1 /webgame/index.php/admin/System/group_add
INFO: [ app_init ] --START--
INFO: Run Behavior\BuildLiteBehavior [ RunTime:0.000031s ]
INFO: [ app_init ] --END-- [ RunTime:0.000790s ]

[ 2016-03-17T17:20:19+08:00 ] ::1 /webgame/index.php/admin/system/group_list.html
INFO: [ app_init ] --START--
INFO: Run Behavior\BuildLiteBehavior [ RunTime:0.000021s ]
INFO: [ app_init ] --END-- [ RunTime:0.000481s ]

[ 2016-03-17T17:20:25+08:00 ] ::1 /webgame/index.php/admin/system/group_list.html
INFO: [ app_init ] --START--
INFO: Run Behavior\BuildLiteBehavior [ RunTime:0.000020s ]
INFO: [ app_init ] --END-- [ RunTime:0.000414s ]

[ 2016-03-17T17:22:41+08:00 ] ::1 /webgame/index.php/admin/system/group_list.html
INFO: [ app_init ] --START--
INFO: Run Behavior\BuildLiteBehavior [ RunTime:0.000023s ]
INFO: [ app_init ] --END-- [ RunTime:0.000578s ]

[ 2016-03-17T17:23:29+08:00 ] ::1 /webgame/index.php/admin/system/group_list.html
INFO: [ app_init ] --START--
INFO: Run Behavior\BuildLiteBehavior [ RunTime:0.000022s ]
INFO: [ app_init ] --END-- [ RunTime:0.000466s ]

[ 2016-03-17T17:25:22+08:00 ] ::1 /webgame/index.php/admin/system/group_list.html
INFO: [ app_init ] --START--
INFO: Run Behavior\BuildLiteBehavior [ RunTime:0.000020s ]
INFO: [ app_init ] --END-- [ RunTime:0.000572s ]

[ 2016-03-17T17:27:50+08:00 ] ::1 /webgame/index.php/admin/system/group_list.html
INFO: [ app_init ] --START--
INFO: Run Behavior\BuildLiteBehavior [ RunTime:0.000027s ]
INFO: [ app_init ] --END-- [ RunTime:0.000623s ]

[ 2016-03-17T17:30:48+08:00 ] ::1 /webgame/index.php/admin/system/group_list.html
INFO: [ app_init ] --START--
INFO: Run Behavior\BuildLiteBehavior [ RunTime:0.000031s ]
INFO: [ app_init ] --END-- [ RunTime:0.000851s ]

[ 2016-03-17T17:31:09+08:00 ] ::1 /webgame/index.php/admin/system/group_list.html
INFO: [ app_init ] --START--
INFO: Run Behavior\BuildLiteBehavior [ RunTime:0.000032s ]
INFO: [ app_init ] --END-- [ RunTime:0.000607s ]

[ 2016-03-17T17:32:17+08:00 ] ::1 /webgame/index.php/admin/system/group_list.html
INFO: [ app_init ] --START--
INFO: Run Behavior\BuildLiteBehavior [ RunTime:0.000032s ]
INFO: [ app_init ] --END-- [ RunTime:0.000699s ]

[ 2016-03-17T17:32:18+08:00 ] ::1 /webgame/index.php/admin/system/group_list.html
INFO: [ app_init ] --START--
INFO: Run Behavior\BuildLiteBehavior [ RunTime:0.000020s ]
INFO: [ app_init ] --END-- [ RunTime:0.000464s ]

[ 2016-03-17T17:32:18+08:00 ] ::1 /webgame/index.php/admin/system/group_list.html
INFO: [ app_init ] --START--
INFO: Run Behavior\BuildLiteBehavior [ RunTime:0.000031s ]
INFO: [ app_init ] --END-- [ RunTime:0.000728s ]

[ 2016-03-17T17:32:18+08:00 ] ::1 /webgame/index.php/admin/system/group_list.html
INFO: [ app_init ] --START--
INFO: Run Behavior\BuildLiteBehavior [ RunTime:0.000033s ]
INFO: [ app_init ] --END-- [ RunTime:0.000926s ]

[ 2016-03-17T17:36:55+08:00 ] ::1 /webgame/index.php/admin/System/group_menu_add/id/1
INFO: [ app_init ] --START--
INFO: Run Behavior\BuildLiteBehavior [ RunTime:0.000019s ]
INFO: [ app_init ] --END-- [ RunTime:0.000446s ]

[ 2016-03-17T17:36:58+08:00 ] ::1 /webgame/index.php/admin/System/group_menu_add/id/1
INFO: [ app_init ] --START--
INFO: Run Behavior\BuildLiteBehavior [ RunTime:0.000019s ]
INFO: [ app_init ] --END-- [ RunTime:0.000420s ]

[ 2016-03-17T17:36:58+08:00 ] ::1 /webgame/index.php/admin/System/group_menu_add/id/1
INFO: [ app_init ] --START--
INFO: Run Behavior\BuildLiteBehavior [ RunTime:0.000039s ]
INFO: [ app_init ] --END-- [ RunTime:0.001493s ]

[ 2016-03-17T17:36:58+08:00 ] ::1 /webgame/index.php/admin/System/group_menu_add/id/1
INFO: [ app_init ] --START--
INFO: Run Behavior\BuildLiteBehavior [ RunTime:0.000036s ]
INFO: [ app_init ] --END-- [ RunTime:0.000909s ]

[ 2016-03-17T17:36:58+08:00 ] ::1 /webgame/index.php/admin/System/group_menu_add/id/1
INFO: [ app_init ] --START--
INFO: Run Behavior\BuildLiteBehavior [ RunTime:0.000032s ]
INFO: [ app_init ] --END-- [ RunTime:0.000673s ]

[ 2016-03-17T17:36:59+08:00 ] ::1 /webgame/index.php/admin/System/group_menu_add/id/1
INFO: [ app_init ] --START--
INFO: Run Behavior\BuildLiteBehavior [ RunTime:0.000033s ]
INFO: [ app_init ] --END-- [ RunTime:0.000839s ]

[ 2016-03-17T17:37:38+08:00 ] ::1 /webgame/index.php/admin/System/group_menu_add/id/1
INFO: [ app_init ] --START--
INFO: Run Behavior\BuildLiteBehavior [ RunTime:0.000033s ]
INFO: [ app_init ] --END-- [ RunTime:0.000774s ]

[ 2016-03-17T17:37:58+08:00 ] ::1 /webgame/index.php/admin/System/group_menu_add/id/1
INFO: [ app_init ] --START--
INFO: Run Behavior\BuildLiteBehavior [ RunTime:0.000020s ]
INFO: [ app_init ] --END-- [ RunTime:0.000482s ]

[ 2016-03-17T17:40:38+08:00 ] ::1 /webgame/index.php/admin/System/group_menu_add/id/1
INFO: [ app_init ] --START--
INFO: Run Behavior\BuildLiteBehavior [ RunTime:0.000032s ]
INFO: [ app_init ] --END-- [ RunTime:0.000756s ]

[ 2016-03-17T17:40:40+08:00 ] ::1 /webgame/index.php/admin/System/group_menu_add/id/1
INFO: [ app_init ] --START--
INFO: Run Behavior\BuildLiteBehavior [ RunTime:0.000035s ]
INFO: [ app_init ] --END-- [ RunTime:0.000954s ]

[ 2016-03-17T17:40:40+08:00 ] ::1 /webgame/index.php/admin/System/group_menu_add/id/1
INFO: [ app_init ] --START--
INFO: Run Behavior\BuildLiteBehavior [ RunTime:0.000023s ]
INFO: [ app_init ] --END-- [ RunTime:0.000588s ]

[ 2016-03-17T17:40:41+08:00 ] ::1 /webgame/index.php/admin/System/group_menu_add/id/1
INFO: [ app_init ] --START--
INFO: Run Behavior\BuildLiteBehavior [ RunTime:0.000019s ]
INFO: [ app_init ] --END-- [ RunTime:0.000436s ]

[ 2016-03-17T17:40:58+08:00 ] ::1 /webgame/index.php/admin/System/group_menu_add/id/1
INFO: [ app_init ] --START--
INFO: Run Behavior\BuildLiteBehavior [ RunTime:0.000031s ]
INFO: [ app_init ] --END-- [ RunTime:0.000660s ]

[ 2016-03-17T17:40:59+08:00 ] ::1 /webgame/index.php/admin/System/group_menu_add/id/1
INFO: [ app_init ] --START--
INFO: Run Behavior\BuildLiteBehavior [ RunTime:0.000032s ]
INFO: [ app_init ] --END-- [ RunTime:0.000642s ]

[ 2016-03-17T17:41:39+08:00 ] ::1 /webgame/index.php/admin/System/group_menu_add/id/1
INFO: [ app_init ] --START--
INFO: Run Behavior\BuildLiteBehavior [ RunTime:0.000020s ]
INFO: [ app_init ] --END-- [ RunTime:0.000459s ]

[ 2016-03-17T17:41:40+08:00 ] ::1 /webgame/index.php/admin/System/group_menu_add
INFO: [ app_init ] --START--
INFO: Run Behavior\BuildLiteBehavior [ RunTime:0.000039s ]
INFO: [ app_init ] --END-- [ RunTime:0.000510s ]

[ 2016-03-17T19:12:15+08:00 ] ::1 /webgame/index.php/admin/System/group_menu_add/id/1
INFO: [ app_init ] --START--
INFO: Run Behavior\BuildLiteBehavior [ RunTime:0.000035s ]
INFO: [ app_init ] --END-- [ RunTime:0.001047s ]

[ 2016-03-17T19:13:03+08:00 ] ::1 /webgame/index.php/admin/System/group_menu_add/id/1
INFO: [ app_init ] --START--
INFO: Run Behavior\BuildLiteBehavior [ RunTime:0.000034s ]
INFO: [ app_init ] --END-- [ RunTime:0.000777s ]

[ 2016-03-17T19:13:04+08:00 ] ::1 /webgame/index.php/admin/System/group_menu_add/id/1
INFO: [ app_init ] --START--
INFO: Run Behavior\BuildLiteBehavior [ RunTime:0.000031s ]
INFO: [ app_init ] --END-- [ RunTime:0.000616s ]

[ 2016-03-17T19:13:04+08:00 ] ::1 /webgame/index.php/admin/System/group_menu_add/id/1
INFO: [ app_init ] --START--
INFO: Run Behavior\BuildLiteBehavior [ RunTime:0.000031s ]
INFO: [ app_init ] --END-- [ RunTime:0.000642s ]

[ 2016-03-17T19:13:28+08:00 ] ::1 /webgame/index.php/admin/System/group_menu_add/id/1
INFO: [ app_init ] --START--
INFO: Run Behavior\BuildLiteBehavior [ RunTime:0.000032s ]
INFO: [ app_init ] --END-- [ RunTime:0.000773s ]

[ 2016-03-17T19:13:29+08:00 ] ::1 /webgame/index.php/admin/System/group_menu_add/id/1
INFO: [ app_init ] --START--
INFO: Run Behavior\BuildLiteBehavior [ RunTime:0.000029s ]
INFO: [ app_init ] --END-- [ RunTime:0.000481s ]

[ 2016-03-17T19:13:41+08:00 ] ::1 /webgame/index.php/admin/System/group_menu_add/id/1
INFO: [ app_init ] --START--
INFO: Run Behavior\BuildLiteBehavior [ RunTime:0.000020s ]
INFO: [ app_init ] --END-- [ RunTime:0.000449s ]

[ 2016-03-17T19:16:09+08:00 ] ::1 /webgame/index.php/admin/System/group_menu_add/id/1
INFO: [ app_init ] --START--
INFO: Run Behavior\BuildLiteBehavior [ RunTime:0.000032s ]
INFO: [ app_init ] --END-- [ RunTime:0.000890s ]

[ 2016-03-17T19:16:10+08:00 ] ::1 /webgame/index.php/admin/System/group_menu_add/id/1
INFO: [ app_init ] --START--
INFO: Run Behavior\BuildLiteBehavior [ RunTime:0.000042s ]
INFO: [ app_init ] --END-- [ RunTime:0.001571s ]

[ 2016-03-17T19:16:52+08:00 ] ::1 /webgame/index.php/admin/System/group_menu_add/id/1
INFO: [ app_init ] --START--
INFO: Run Behavior\BuildLiteBehavior [ RunTime:0.000021s ]
INFO: [ app_init ] --END-- [ RunTime:0.000467s ]

[ 2016-03-17T19:16:53+08:00 ] ::1 /webgame/index.php/admin/System/group_menu_add/id/1
INFO: [ app_init ] --START--
INFO: Run Behavior\BuildLiteBehavior [ RunTime:0.000033s ]
INFO: [ app_init ] --END-- [ RunTime:0.000555s ]

[ 2016-03-17T19:16:53+08:00 ] ::1 /webgame/index.php/admin/System/group_menu_add/id/1
INFO: [ app_init ] --START--
INFO: Run Behavior\BuildLiteBehavior [ RunTime:0.000032s ]
INFO: [ app_init ] --END-- [ RunTime:0.000678s ]

[ 2016-03-17T19:16:53+08:00 ] ::1 /webgame/index.php/admin/System/group_menu_add/id/1
INFO: [ app_init ] --START--
INFO: Run Behavior\BuildLiteBehavior [ RunTime:0.000033s ]
INFO: [ app_init ] --END-- [ RunTime:0.000731s ]

[ 2016-03-17T19:20:27+08:00 ] ::1 /webgame/index.php/admin/System/group_menu_add/id/1
INFO: [ app_init ] --START--
INFO: Run Behavior\BuildLiteBehavior [ RunTime:0.000034s ]
INFO: [ app_init ] --END-- [ RunTime:0.001129s ]

[ 2016-03-17T19:23:58+08:00 ] ::1 /webgame/index.php/admin/system/group_list.html
INFO: [ app_init ] --START--
INFO: Run Behavior\BuildLiteBehavior [ RunTime:0.000037s ]
INFO: [ app_init ] --END-- [ RunTime:0.000973s ]

[ 2016-03-17T19:24:44+08:00 ] ::1 /webgame/index.php/admin/system/group_add
INFO: [ app_init ] --START--
INFO: Run Behavior\BuildLiteBehavior [ RunTime:0.000030s ]
INFO: [ app_init ] --END-- [ RunTime:0.000688s ]

[ 2016-03-17T19:27:26+08:00 ] ::1 /webgame/index.php/admin/system/group_add
INFO: [ app_init ] --START--
INFO: Run Behavior\BuildLiteBehavior [ RunTime:0.000020s ]
INFO: [ app_init ] --END-- [ RunTime:0.000457s ]

[ 2016-03-17T19:27:58+08:00 ] ::1 /webgame/index.php/admin/system/group_add
INFO: [ app_init ] --START--
INFO: Run Behavior\BuildLiteBehavior [ RunTime:0.000035s ]
INFO: [ app_init ] --END-- [ RunTime:0.000836s ]

[ 2016-03-17T19:28:34+08:00 ] ::1 /webgame/index.php/admin/system/group_add
INFO: [ app_init ] --START--
INFO: Run Behavior\BuildLiteBehavior [ RunTime:0.000032s ]
INFO: [ app_init ] --END-- [ RunTime:0.000699s ]

[ 2016-03-17T19:28:34+08:00 ] ::1 /webgame/index.php/admin/system/group_add
INFO: [ app_init ] --START--
INFO: Run Behavior\BuildLiteBehavior [ RunTime:0.000020s ]
INFO: [ app_init ] --END-- [ RunTime:0.000430s ]

[ 2016-03-17T19:28:34+08:00 ] ::1 /webgame/index.php/admin/system/group_add
INFO: [ app_init ] --START--
INFO: Run Behavior\BuildLiteBehavior [ RunTime:0.000032s ]
INFO: [ app_init ] --END-- [ RunTime:0.000627s ]

[ 2016-03-17T19:28:57+08:00 ] ::1 /webgame/index.php/admin/System/group_add
INFO: [ app_init ] --START--
INFO: Run Behavior\BuildLiteBehavior [ RunTime:0.000023s ]
INFO: [ app_init ] --END-- [ RunTime:0.000677s ]

[ 2016-03-17T19:29:26+08:00 ] ::1 /webgame/index.php/admin/system/group_list
INFO: [ app_init ] --START--
INFO: Run Behavior\BuildLiteBehavior [ RunTime:0.000031s ]
INFO: [ app_init ] --END-- [ RunTime:0.000630s ]

[ 2016-03-17T19:29:34+08:00 ] ::1 /webgame/index.php/admin/system/group_list
INFO: [ app_init ] --START--
INFO: Run Behavior\BuildLiteBehavior [ RunTime:0.000044s ]
INFO: [ app_init ] --END-- [ RunTime:0.000793s ]

[ 2016-03-17T19:30:32+08:00 ] ::1 /webgame/index.php/admin/system/group_list
INFO: [ app_init ] --START--
INFO: Run Behavior\BuildLiteBehavior [ RunTime:0.000032s ]
INFO: [ app_init ] --END-- [ RunTime:0.000705s ]

[ 2016-03-17T19:30:33+08:00 ] ::1 /webgame/index.php/admin/System/group_add/
INFO: [ app_init ] --START--
INFO: Run Behavior\BuildLiteBehavior [ RunTime:0.000021s ]
INFO: [ app_init ] --END-- [ RunTime:0.000531s ]

[ 2016-03-17T19:30:40+08:00 ] ::1 /webgame/index.php/admin/system/group_list
INFO: [ app_init ] --START--
INFO: Run Behavior\BuildLiteBehavior [ RunTime:0.000030s ]
INFO: [ app_init ] --END-- [ RunTime:0.000504s ]

[ 2016-03-17T19:30:40+08:00 ] ::1 /webgame/index.php/admin/system/group_list
INFO: [ app_init ] --START--
INFO: Run Behavior\BuildLiteBehavior [ RunTime:0.000020s ]
INFO: [ app_init ] --END-- [ RunTime:0.000499s ]

[ 2016-03-17T19:30:40+08:00 ] ::1 /webgame/index.php/admin/system/group_list
INFO: [ app_init ] --START--
INFO: Run Behavior\BuildLiteBehavior [ RunTime:0.000033s ]
INFO: [ app_init ] --END-- [ RunTime:0.000734s ]

[ 2016-03-17T19:31:12+08:00 ] ::1 /webgame/index.php/admin/System/role_edit/id/1
INFO: [ app_init ] --START--
INFO: Run Behavior\BuildLiteBehavior [ RunTime:0.000020s ]
INFO: [ app_init ] --END-- [ RunTime:0.000505s ]
ERR: 非法操作:role_edit

[ 2016-03-17T19:31:16+08:00 ] ::1 /webgame/index.php/admin/system/group_list
INFO: [ app_init ] --START--
INFO: Run Behavior\BuildLiteBehavior [ RunTime:0.000033s ]
INFO: [ app_init ] --END-- [ RunTime:0.000764s ]

[ 2016-03-17T19:38:56+08:00 ] ::1 /webgame/index.php/admin/system/group_rule_add
INFO: [ app_init ] --START--
INFO: Run Behavior\BuildLiteBehavior [ RunTime:0.000023s ]
INFO: [ app_init ] --END-- [ RunTime:0.001002s ]
ERR: 模板不存在:./Application/Admin/View/System/group_rule_add.html

[ 2016-03-17T19:42:10+08:00 ] ::1 /webgame/index.php/Admin/
INFO: [ app_init ] --START--
INFO: Run Behavior\BuildLiteBehavior [ RunTime:0.000037s ]
INFO: [ app_init ] --END-- [ RunTime:0.000764s ]

[ 2016-03-17T20:28:38+08:00 ] ::1 /webgame/index.php/admin/system/group_list
INFO: [ app_init ] --START--
INFO: Run Behavior\BuildLiteBehavior [ RunTime:0.000021s ]
INFO: [ app_init ] --END-- [ RunTime:0.000672s ]

[ 2016-03-17T20:33:13+08:00 ] ::1 /webgame/index.php/Admin/
INFO: [ app_init ] --START--
INFO: Run Behavior\BuildLiteBehavior [ RunTime:0.000020s ]
INFO: [ app_init ] --END-- [ RunTime:0.000477s ]

[ 2016-03-17T20:33:44+08:00 ] ::1 /webgame/index.php/admin/System/rule_add
INFO: [ app_init ] --START--
INFO: Run Behavior\BuildLiteBehavior [ RunTime:0.000046s ]
INFO: [ app_init ] --END-- [ RunTime:0.000956s ]

[ 2016-03-17T20:35:19+08:00 ] ::1 /webgame/index.php/admin/System/rule_add
INFO: [ app_init ] --START--
INFO: Run Behavior\BuildLiteBehavior [ RunTime:0.000020s ]
INFO: [ app_init ] --END-- [ RunTime:0.000454s ]

[ 2016-03-17T20:36:45+08:00 ] ::1 /webgame/index.php/admin/system/group_list
INFO: [ app_init ] --START--
INFO: Run Behavior\BuildLiteBehavior [ RunTime:0.000029s ]
INFO: [ app_init ] --END-- [ RunTime:0.000561s ]

[ 2016-03-17T20:36:55+08:00 ] ::1 /webgame/index.php/admin/system/group_list
INFO: [ app_init ] --START--
INFO: Run Behavior\BuildLiteBehavior [ RunTime:0.000033s ]
INFO: [ app_init ] --END-- [ RunTime:0.000954s ]

[ 2016-03-17T20:36:56+08:00 ] ::1 /webgame/index.php/admin/system/group_list
INFO: [ app_init ] --START--
INFO: Run Behavior\BuildLiteBehavior [ RunTime:0.000035s ]
INFO: [ app_init ] --END-- [ RunTime:0.000705s ]

[ 2016-03-17T20:38:35+08:00 ] ::1 /webgame/index.php/admin/system/group_list
INFO: [ app_init ] --START--
INFO: Run Behavior\BuildLiteBehavior [ RunTime:0.000031s ]
INFO: [ app_init ] --END-- [ RunTime:0.000639s ]

[ 2016-03-17T20:38:38+08:00 ] ::1 /webgame/index.php/admin/System/group_rule_add/id/1
INFO: [ app_init ] --START--
INFO: Run Behavior\BuildLiteBehavior [ RunTime:0.000020s ]
INFO: [ app_init ] --END-- [ RunTime:0.000433s ]
ERR: 模板不存在:./Application/Admin/View/System/group_rule_add.html

[ 2016-03-17T20:40:59+08:00 ] ::1 /webgame/index.php/admin/System/group_rule_add/id/1
INFO: [ app_init ] --START--
INFO: Run Behavior\BuildLiteBehavior [ RunTime:0.000020s ]
INFO: [ app_init ] --END-- [ RunTime:0.000471s ]

[ 2016-03-17T20:41:41+08:00 ] ::1 /webgame/index.php/admin/System/group_rule_add/id/1
INFO: [ app_init ] --START--
INFO: Run Behavior\BuildLiteBehavior [ RunTime:0.000034s ]
INFO: [ app_init ] --END-- [ RunTime:0.000750s ]

[ 2016-03-17T20:46:35+08:00 ] ::1 /webgame/index.php/admin/System/group_rule_add/id/1
INFO: [ app_init ] --START--
INFO: Run Behavior\BuildLiteBehavior [ RunTime:0.000032s ]
INFO: [ app_init ] --END-- [ RunTime:0.000897s ]

[ 2016-03-17T20:47:13+08:00 ] ::1 /webgame/index.php/admin/System/group_rule_add/id/1
INFO: [ app_init ] --START--
INFO: Run Behavior\BuildLiteBehavior [ RunTime:0.000039s ]
INFO: [ app_init ] --END-- [ RunTime:0.000728s ]

[ 2016-03-17T20:47:16+08:00 ] ::1 /webgame/index.php/admin/System/group_rule_add/id/1
INFO: [ app_init ] --START--
INFO: Run Behavior\BuildLiteBehavior [ RunTime:0.000024s ]
INFO: [ app_init ] --END-- [ RunTime:0.000468s ]

[ 2016-03-17T20:47:28+08:00 ] ::1 /webgame/index.php/admin/System/group_rule_add/id/1
INFO: [ app_init ] --START--
INFO: Run Behavior\BuildLiteBehavior [ RunTime:0.000037s ]
INFO: [ app_init ] --END-- [ RunTime:0.000653s ]

[ 2016-03-17T20:47:48+08:00 ] ::1 /webgame/index.php/admin/System/group_rule_add/id/1
INFO: [ app_init ] --START--
INFO: Run Behavior\BuildLiteBehavior [ RunTime:0.000030s ]
INFO: [ app_init ] --END-- [ RunTime:0.000633s ]

[ 2016-03-17T20:49:10+08:00 ] ::1 /webgame/index.php/admin/System/group_rule_add/id/1
INFO: [ app_init ] --START--
INFO: Run Behavior\BuildLiteBehavior [ RunTime:0.000029s ]
INFO: [ app_init ] --END-- [ RunTime:0.000595s ]

[ 2016-03-17T20:51:35+08:00 ] ::1 /webgame/index.php/admin/System/group_rule_add/id/1
INFO: [ app_init ] --START--
INFO: Run Behavior\BuildLiteBehavior [ RunTime:0.000020s ]
INFO: [ app_init ] --END-- [ RunTime:0.000482s ]

[ 2016-03-17T20:51:53+08:00 ] ::1 /webgame/index.php/admin/System/group_rule_add/id/blank.html
INFO: [ app_init ] --START--
INFO: Run Behavior\BuildLiteBehavior [ RunTime:0.000036s ]
INFO: [ app_init ] --END-- [ RunTime:0.000777s ]

[ 2016-03-17T20:52:37+08:00 ] ::1 /webgame/index.php/admin/system/rule_add
INFO: [ app_init ] --START--
INFO: Run Behavior\BuildLiteBehavior [ RunTime:0.000021s ]
INFO: [ app_init ] --END-- [ RunTime:0.000507s ]

[ 2016-03-17T20:52:59+08:00 ] ::1 /webgame/index.php/admin/System/rule_add
INFO: [ app_init ] --START--
INFO: Run Behavior\BuildLiteBehavior [ RunTime:0.000029s ]
INFO: [ app_init ] --END-- [ RunTime:0.000660s ]

[ 2016-03-17T20:53:01+08:00 ] ::1 /webgame/index.php/admin/System/group_rule_add/id/blank.html
INFO: [ app_init ] --START--
INFO: Run Behavior\BuildLiteBehavior [ RunTime:0.000052s ]
INFO: [ app_init ] --END-- [ RunTime:0.000706s ]

[ 2016-03-17T20:56:38+08:00 ] ::1 /webgame/index.php/admin/system/menu_add
INFO: [ app_init ] --START--
INFO: Run Behavior\BuildLiteBehavior [ RunTime:0.000021s ]
INFO: [ app_init ] --END-- [ RunTime:0.000655s ]

[ 2016-03-17T20:58:10+08:00 ] ::1 /webgame/index.php/admin/System/menu_add
INFO: [ app_init ] --START--
INFO: Run Behavior\BuildLiteBehavior [ RunTime:0.000033s ]
INFO: [ app_init ] --END-- [ RunTime:0.000641s ]

[ 2016-03-17T20:59:08+08:00 ] ::1 /webgame/index.php/admin/system/menu_add
INFO: [ app_init ] --START--
INFO: Run Behavior\BuildLiteBehavior [ RunTime:0.000029s ]
INFO: [ app_init ] --END-- [ RunTime:0.000505s ]

[ 2016-03-17T20:59:12+08:00 ] ::1 /webgame/index.php/admin/system/menu_add
INFO: [ app_init ] --START--
INFO: Run Behavior\BuildLiteBehavior [ RunTime:0.000021s ]
INFO: [ app_init ] --END-- [ RunTime:0.000545s ]

[ 2016-03-17T20:59:13+08:00 ] ::1 /webgame/index.php/admin/system/menu_add
INFO: [ app_init ] --START--
INFO: Run Behavior\BuildLiteBehavior [ RunTime:0.000031s ]
INFO: [ app_init ] --END-- [ RunTime:0.000661s ]

[ 2016-03-17T21:00:51+08:00 ] ::1 /webgame/index.php/admin/System/menu_add
INFO: [ app_init ] --START--
INFO: Run Behavior\BuildLiteBehavior [ RunTime:0.000032s ]
INFO: [ app_init ] --END-- [ RunTime:0.000739s ]

[ 2016-03-17T21:00:55+08:00 ] ::1 /webgame/index.php/admin/system/menu_add
INFO: [ app_init ] --START--
INFO: Run Behavior\BuildLiteBehavior [ RunTime:0.000021s ]
INFO: [ app_init ] --END-- [ RunTime:0.000442s ]

[ 2016-03-17T21:03:30+08:00 ] ::1 /webgame/index.php/admin/System/menu_add
INFO: [ app_init ] --START--
INFO: Run Behavior\BuildLiteBehavior [ RunTime:0.000069s ]
INFO: [ app_init ] --END-- [ RunTime:0.001104s ]

[ 2016-03-17T21:03:35+08:00 ] ::1 /webgame/index.php/admin/system/menu_add
INFO: [ app_init ] --START--
INFO: Run Behavior\BuildLiteBehavior [ RunTime:0.000033s ]
INFO: [ app_init ] --END-- [ RunTime:0.000741s ]

[ 2016-03-17T21:04:09+08:00 ] ::1 /webgame/index.php/admin/System/menu_add
INFO: [ app_init ] --START--
INFO: Run Behavior\BuildLiteBehavior [ RunTime:0.000034s ]
INFO: [ app_init ] --END-- [ RunTime:0.000802s ]

[ 2016-03-17T21:04:23+08:00 ] ::1 /webgame/index.php/admin/system/menu_add
INFO: [ app_init ] --START--
INFO: Run Behavior\BuildLiteBehavior [ RunTime:0.000019s ]
INFO: [ app_init ] --END-- [ RunTime:0.000427s ]

[ 2016-03-17T21:04:40+08:00 ] ::1 /webgame/index.php/admin/System/menu_add
INFO: [ app_init ] --START--
INFO: Run Behavior\BuildLiteBehavior [ RunTime:0.000035s ]
INFO: [ app_init ] --END-- [ RunTime:0.000890s ]

[ 2016-03-17T21:04:42+08:00 ] ::1 /webgame/index.php/admin/system/menu_add
INFO: [ app_init ] --START--
INFO: Run Behavior\BuildLiteBehavior [ RunTime:0.000055s ]
INFO: [ app_init ] --END-- [ RunTime:0.000573s ]

[ 2016-03-17T21:04:42+08:00 ] ::1 /webgame/index.php/admin/system/menu_add
INFO: [ app_init ] --START--
INFO: Run Behavior\BuildLiteBehavior [ RunTime:0.000020s ]
INFO: [ app_init ] --END-- [ RunTime:0.000411s ]

[ 2016-03-17T21:04:43+08:00 ] ::1 /webgame/index.php/admin/system/menu_add
INFO: [ app_init ] --START--
INFO: Run Behavior\BuildLiteBehavior [ RunTime:0.000037s ]
INFO: [ app_init ] --END-- [ RunTime:0.001286s ]

[ 2016-03-17T21:05:56+08:00 ] ::1 /webgame/index.php/admin/System/menu_add
INFO: [ app_init ] --START--
INFO: Run Behavior\BuildLiteBehavior [ RunTime:0.000027s ]
INFO: [ app_init ] --END-- [ RunTime:0.001497s ]

[ 2016-03-17T21:05:58+08:00 ] ::1 /webgame/index.php/admin/system/menu_add
INFO: [ app_init ] --START--
INFO: Run Behavior\BuildLiteBehavior [ RunTime:0.000022s ]
INFO: [ app_init ] --END-- [ RunTime:0.000481s ]

[ 2016-03-17T21:06:45+08:00 ] ::1 /webgame/index.php/admin/System/menu_add
INFO: [ app_init ] --START--
INFO: Run Behavior\BuildLiteBehavior [ RunTime:0.000023s ]
INFO: [ app_init ] --END-- [ RunTime:0.000734s ]

[ 2016-03-17T21:06:49+08:00 ] ::1 /webgame/index.php/admin/system/menu_add
INFO: [ app_init ] --START--
INFO: Run Behavior\BuildLiteBehavior [ RunTime:0.000021s ]
INFO: [ app_init ] --END-- [ RunTime:0.000428s ]

[ 2016-03-17T21:07:06+08:00 ] ::1 /webgame/index.php/admin/System/menu_add
INFO: [ app_init ] --START--
INFO: Run Behavior\BuildLiteBehavior [ RunTime:0.000030s ]
INFO: [ app_init ] --END-- [ RunTime:0.000669s ]

[ 2016-03-17T21:07:09+08:00 ] ::1 /webgame/index.php/admin/system/menu_add
INFO: [ app_init ] --START--
INFO: Run Behavior\BuildLiteBehavior [ RunTime:0.000020s ]
INFO: [ app_init ] --END-- [ RunTime:0.000435s ]

[ 2016-03-17T21:07:23+08:00 ] ::1 /webgame/index.php/admin/System/menu_add
INFO: [ app_init ] --START--
INFO: Run Behavior\BuildLiteBehavior [ RunTime:0.000034s ]
INFO: [ app_init ] --END-- [ RunTime:0.000958s ]

[ 2016-03-17T21:07:25+08:00 ] ::1 /webgame/index.php/admin/system/menu_add
INFO: [ app_init ] --START--
INFO: Run Behavior\BuildLiteBehavior [ RunTime:0.000030s ]
INFO: [ app_init ] --END-- [ RunTime:0.000495s ]

[ 2016-03-17T21:08:07+08:00 ] ::1 /webgame/index.php/admin/System/menu_add
INFO: [ app_init ] --START--
INFO: Run Behavior\BuildLiteBehavior [ RunTime:0.000021s ]
INFO: [ app_init ] --END-- [ RunTime:0.000446s ]

[ 2016-03-17T21:08:11+08:00 ] ::1 /webgame/index.php/admin/system/menu_add
INFO: [ app_init ] --START--
INFO: Run Behavior\BuildLiteBehavior [ RunTime:0.000020s ]
INFO: [ app_init ] --END-- [ RunTime:0.000422s ]

[ 2016-03-17T21:08:32+08:00 ] ::1 /webgame/index.php/admin/System/menu_add
INFO: [ app_init ] --START--
INFO: Run Behavior\BuildLiteBehavior [ RunTime:0.000024s ]
INFO: [ app_init ] --END-- [ RunTime:0.000762s ]

[ 2016-03-17T21:08:34+08:00 ] ::1 /webgame/index.php/admin/system/menu_add
INFO: [ app_init ] --START--
INFO: Run Behavior\BuildLiteBehavior [ RunTime:0.000033s ]
INFO: [ app_init ] --END-- [ RunTime:0.000769s ]

[ 2016-03-17T21:08:47+08:00 ] ::1 /webgame/index.php/admin/System/menu_add
INFO: [ app_init ] --START--
INFO: Run Behavior\BuildLiteBehavior [ RunTime:0.000032s ]
INFO: [ app_init ] --END-- [ RunTime:0.000673s ]

[ 2016-03-17T21:08:51+08:00 ] ::1 /webgame/index.php/admin/system/menu_add
INFO: [ app_init ] --START--
INFO: Run Behavior\BuildLiteBehavior [ RunTime:0.000021s ]
INFO: [ app_init ] --END-- [ RunTime:0.000431s ]

[ 2016-03-17T21:09:12+08:00 ] ::1 /webgame/index.php/admin/System/menu_add
INFO: [ app_init ] --START--
INFO: Run Behavior\BuildLiteBehavior [ RunTime:0.000021s ]
INFO: [ app_init ] --END-- [ RunTime:0.000498s ]

[ 2016-03-17T21:09:16+08:00 ] ::1 /webgame/index.php/admin/system/menu_add
INFO: [ app_init ] --START--
INFO: Run Behavior\BuildLiteBehavior [ RunTime:0.000034s ]
INFO: [ app_init ] --END-- [ RunTime:0.000912s ]

[ 2016-03-17T21:10:09+08:00 ] ::1 /webgame/index.php/admin/System/menu_add
INFO: [ app_init ] --START--
INFO: Run Behavior\BuildLiteBehavior [ RunTime:0.000033s ]
INFO: [ app_init ] --END-- [ RunTime:0.000763s ]

[ 2016-03-17T21:10:13+08:00 ] ::1 /webgame/index.php/admin/system/menu_add
INFO: [ app_init ] --START--
INFO: Run Behavior\BuildLiteBehavior [ RunTime:0.000021s ]
INFO: [ app_init ] --END-- [ RunTime:0.000503s ]

[ 2016-03-17T21:22:04+08:00 ] ::1 /webgame/index.php/admin/System/menu_add
INFO: [ app_init ] --START--
INFO: Run Behavior\BuildLiteBehavior [ RunTime:0.000020s ]
INFO: [ app_init ] --END-- [ RunTime:0.000475s ]

[ 2016-03-17T21:22:06+08:00 ] ::1 /webgame/index.php/admin/system/menu_add
INFO: [ app_init ] --START--
INFO: Run Behavior\BuildLiteBehavior [ RunTime:0.000031s ]
INFO: [ app_init ] --END-- [ RunTime:0.000822s ]

[ 2016-03-17T21:23:11+08:00 ] ::1 /webgame/index.php/admin/System/menu_add
INFO: [ app_init ] --START--
INFO: Run Behavior\BuildLiteBehavior [ RunTime:0.000033s ]
INFO: [ app_init ] --END-- [ RunTime:0.000847s ]

[ 2016-03-17T21:23:43+08:00 ] ::1 /webgame/index.php/admin/system/menu_add
INFO: [ app_init ] --START--
INFO: Run Behavior\BuildLiteBehavior [ RunTime:0.000032s ]
INFO: [ app_init ] --END-- [ RunTime:0.000671s ]

[ 2016-03-17T21:24:59+08:00 ] ::1 /webgame/index.php/admin/System/menu_add
INFO: [ app_init ] --START--
INFO: Run Behavior\BuildLiteBehavior [ RunTime:0.000040s ]
INFO: [ app_init ] --END-- [ RunTime:0.000892s ]

[ 2016-03-17T21:25:08+08:00 ] ::1 /webgame/index.php/admin/system/menu_add
INFO: [ app_init ] --START--
INFO: Run Behavior\BuildLiteBehavior [ RunTime:0.000020s ]
INFO: [ app_init ] --END-- [ RunTime:0.000418s ]

[ 2016-03-17T21:26:22+08:00 ] ::1 /webgame/index.php/admin/System/menu_add
INFO: [ app_init ] --START--
INFO: Run Behavior\BuildLiteBehavior [ RunTime:0.000032s ]
INFO: [ app_init ] --END-- [ RunTime:0.000659s ]

[ 2016-03-17T21:36:13+08:00 ] ::1 /webgame/index.php/admin/test
INFO: [ app_init ] --START--
INFO: Run Behavior\BuildLiteBehavior [ RunTime:0.000021s ]
INFO: [ app_init ] --END-- [ RunTime:0.000458s ]

[ 2016-03-17T21:38:05+08:00 ] ::1 /webgame/index.php/admin/test
INFO: [ app_init ] --START--
INFO: Run Behavior\BuildLiteBehavior [ RunTime:0.000029s ]
INFO: [ app_init ] --END-- [ RunTime:0.000658s ]

[ 2016-03-17T21:38:13+08:00 ] ::1 /webgame/index.php/admin/test
INFO: [ app_init ] --START--
INFO: Run Behavior\BuildLiteBehavior [ RunTime:0.000028s ]
INFO: [ app_init ] --END-- [ RunTime:0.000470s ]

[ 2016-03-17T21:38:53+08:00 ] ::1 /webgame/index.php/admin/test
INFO: [ app_init ] --START--
INFO: Run Behavior\BuildLiteBehavior [ RunTime:0.000030s ]
INFO: [ app_init ] --END-- [ RunTime:0.000529s ]
ERR: 模板不存在:./Application/Admin/View/Test/test.html

[ 2016-03-17T21:39:44+08:00 ] ::1 /webgame/index.php/admin/test
INFO: [ app_init ] --START--
INFO: Run Behavior\BuildLiteBehavior [ RunTime:0.000027s ]
INFO: [ app_init ] --END-- [ RunTime:0.000880s ]

[ 2016-03-17T21:40:12+08:00 ] ::1 /webgame/index.php/admin/test
INFO: [ app_init ] --START--
INFO: Run Behavior\BuildLiteBehavior [ RunTime:0.000021s ]
INFO: [ app_init ] --END-- [ RunTime:0.000473s ]

[ 2016-03-17T21:40:12+08:00 ] ::1 /webgame/index.php/admin/test
INFO: [ app_init ] --START--
INFO: Run Behavior\BuildLiteBehavior [ RunTime:0.000020s ]
INFO: [ app_init ] --END-- [ RunTime:0.000462s ]

[ 2016-03-17T21:40:13+08:00 ] ::1 /webgame/index.php/admin/test
INFO: [ app_init ] --START--
INFO: Run Behavior\BuildLiteBehavior [ RunTime:0.000022s ]
INFO: [ app_init ] --END-- [ RunTime:0.000623s ]

[ 2016-03-17T22:36:22+08:00 ] ::1 /webgame/index.php/admin/base/login
INFO: [ app_init ] --START--
INFO: Run Behavior\BuildLiteBehavior [ RunTime:0.000352s ]
INFO: [ app_init ] --END-- [ RunTime:0.000826s ]

[ 2016-03-17T22:38:26+08:00 ] ::1 /webgame/index.php/admin/base/login
INFO: [ app_init ] --START--
INFO: Run Behavior\BuildLiteBehavior [ RunTime:0.000035s ]
INFO: [ app_init ] --END-- [ RunTime:0.000729s ]

[ 2016-03-17T22:38:26+08:00 ] ::1 /webgame/index.php/admin/base/login
INFO: [ app_init ] --START--
INFO: Run Behavior\BuildLiteBehavior [ RunTime:0.000082s ]
INFO: [ app_init ] --END-- [ RunTime:0.000706s ]

[ 2016-03-17T22:38:26+08:00 ] ::1 /webgame/index.php/admin/base/login
INFO: [ app_init ] --START--
INFO: Run Behavior\BuildLiteBehavior [ RunTime:0.000035s ]
INFO: [ app_init ] --END-- [ RunTime:0.000645s ]

[ 2016-03-17T22:38:27+08:00 ] ::1 /webgame/index.php/admin/base/login
INFO: [ app_init ] --START--
INFO: Run Behavior\BuildLiteBehavior [ RunTime:0.000021s ]
INFO: [ app_init ] --END-- [ RunTime:0.000487s ]

[ 2016-03-17T22:38:27+08:00 ] ::1 /webgame/index.php/admin/base/login
INFO: [ app_init ] --START--
INFO: Run Behavior\BuildLiteBehavior [ RunTime:0.000031s ]
INFO: [ app_init ] --END-- [ RunTime:0.000588s ]

[ 2016-03-17T22:40:15+08:00 ] ::1 /webgame/index.php/admin/base/login
INFO: [ app_init ] --START--
INFO: Run Behavior\BuildLiteBehavior [ RunTime:0.000031s ]
INFO: [ app_init ] --END-- [ RunTime:0.000612s ]

[ 2016-03-17T22:40:16+08:00 ] ::1 /webgame/index.php/admin/base/login
INFO: [ app_init ] --START--
INFO: Run Behavior\BuildLiteBehavior [ RunTime:0.000029s ]
INFO: [ app_init ] --END-- [ RunTime:0.000606s ]

[ 2016-03-17T22:40:16+08:00 ] ::1 /webgame/index.php/admin/base/login
INFO: [ app_init ] --START--
INFO: Run Behavior\BuildLiteBehavior [ RunTime:0.000020s ]
INFO: [ app_init ] --END-- [ RunTime:0.000437s ]

[ 2016-03-17T22:40:16+08:00 ] ::1 /webgame/index.php/admin/base/login
INFO: [ app_init ] --START--
INFO: Run Behavior\BuildLiteBehavior [ RunTime:0.000020s ]
INFO: [ app_init ] --END-- [ RunTime:0.000417s ]

[ 2016-03-17T22:40:44+08:00 ] ::1 /webgame/index.php/admin/base/login
INFO: [ app_init ] --START--
INFO: Run Behavior\BuildLiteBehavior [ RunTime:0.000021s ]
INFO: [ app_init ] --END-- [ RunTime:0.000476s ]

[ 2016-03-17T22:40:44+08:00 ] ::1 /webgame/index.php/admin/base/login
INFO: [ app_init ] --START--
INFO: Run Behavior\BuildLiteBehavior [ RunTime:0.000020s ]
INFO: [ app_init ] --END-- [ RunTime:0.000472s ]

[ 2016-03-17T22:41:49+08:00 ] ::1 /webgame/index.php/admin/base/login
INFO: [ app_init ] --START--
INFO: Run Behavior\BuildLiteBehavior [ RunTime:0.000033s ]
INFO: [ app_init ] --END-- [ RunTime:0.000671s ]

[ 2016-03-17T22:42:21+08:00 ] ::1 /webgame/index.php/admin/base/login
INFO: [ app_init ] --START--
INFO: Run Behavior\BuildLiteBehavior [ RunTime:0.000045s ]
INFO: [ app_init ] --END-- [ RunTime:0.000675s ]
ERR: 模板不存在:./Application/Admin/View/Member/login.html

[ 2016-03-17T22:43:12+08:00 ] ::1 /webgame/index.php/admin/base/login
INFO: [ app_init ] --START--
INFO: Run Behavior\BuildLiteBehavior [ RunTime:0.000031s ]
INFO: [ app_init ] --END-- [ RunTime:0.000758s ]
ERR: 模板不存在:./Application/Admin/View/Base/login.html

[ 2016-03-17T22:44:29+08:00 ] ::1 /webgame/index.php/admin/base/login
INFO: [ app_init ] --START--
INFO: Run Behavior\BuildLiteBehavior [ RunTime:0.000024s ]
INFO: [ app_init ] --END-- [ RunTime:0.001027s ]

[ 2016-03-17T22:44:30+08:00 ] ::1 /webgame/index.php/admin/base/login
INFO: [ app_init ] --START--
INFO: Run Behavior\BuildLiteBehavior [ RunTime:0.000032s ]
INFO: [ app_init ] --END-- [ RunTime:0.000710s ]

[ 2016-03-17T22:44:31+08:00 ] ::1 /webgame/index.php/admin/base/login
INFO: [ app_init ] --START--
INFO: Run Behavior\BuildLiteBehavior [ RunTime:0.000031s ]
INFO: [ app_init ] --END-- [ RunTime:0.000673s ]

[ 2016-03-17T22:44:31+08:00 ] ::1 /webgame/index.php/admin/base/login
INFO: [ app_init ] --START--
INFO: Run Behavior\BuildLiteBehavior [ RunTime:0.000023s ]
INFO: [ app_init ] --END-- [ RunTime:0.000657s ]

[ 2016-03-17T22:44:31+08:00 ] ::1 /webgame/index.php/admin/base/login
INFO: [ app_init ] --START--
INFO: Run Behavior\BuildLiteBehavior [ RunTime:0.000033s ]
INFO: [ app_init ] --END-- [ RunTime:0.000750s ]

[ 2016-03-17T22:44:31+08:00 ] ::1 /webgame/index.php/admin/base/login
INFO: [ app_init ] --START--
INFO: Run Behavior\BuildLiteBehavior [ RunTime:0.000035s ]
INFO: [ app_init ] --END-- [ RunTime:0.000716s ]

[ 2016-03-17T22:44:32+08:00 ] ::1 /webgame/index.php/admin/base/login
INFO: [ app_init ] --START--
INFO: Run Behavior\BuildLiteBehavior [ RunTime:0.000032s ]
INFO: [ app_init ] --END-- [ RunTime:0.000711s ]

[ 2016-03-17T22:44:32+08:00 ] ::1 /webgame/index.php/admin/base/login
INFO: [ app_init ] --START--
INFO: Run Behavior\BuildLiteBehavior [ RunTime:0.000030s ]
INFO: [ app_init ] --END-- [ RunTime:0.000632s ]

[ 2016-03-17T22:44:32+08:00 ] ::1 /webgame/index.php/admin/base/login
INFO: [ app_init ] --START--
INFO: Run Behavior\BuildLiteBehavior [ RunTime:0.000024s ]
INFO: [ app_init ] --END-- [ RunTime:0.000648s ]

[ 2016-03-17T22:44:32+08:00 ] ::1 /webgame/index.php/admin/base/login
INFO: [ app_init ] --START--
INFO: Run Behavior\BuildLiteBehavior [ RunTime:0.000032s ]
INFO: [ app_init ] --END-- [ RunTime:0.000628s ]

[ 2016-03-17T22:44:32+08:00 ] ::1 /webgame/index.php/admin/base/login
INFO: [ app_init ] --START--
INFO: Run Behavior\BuildLiteBehavior [ RunTime:0.000034s ]
INFO: [ app_init ] --END-- [ RunTime:0.000708s ]

[ 2016-03-17T22:44:33+08:00 ] ::1 /webgame/index.php/admin/base/login
INFO: [ app_init ] --START--
INFO: Run Behavior\BuildLiteBehavior [ RunTime:0.000021s ]
INFO: [ app_init ] --END-- [ RunTime:0.000427s ]

[ 2016-03-17T22:44:33+08:00 ] ::1 /webgame/index.php/admin/base/login
INFO: [ app_init ] --START--
INFO: Run Behavior\BuildLiteBehavior [ RunTime:0.000032s ]
INFO: [ app_init ] --END-- [ RunTime:0.000682s ]

[ 2016-03-17T22:44:33+08:00 ] ::1 /webgame/index.php/admin/base/login
INFO: [ app_init ] --START--
INFO: Run Behavior\BuildLiteBehavior [ RunTime:0.000029s ]
INFO: [ app_init ] --END-- [ RunTime:0.000562s ]

[ 2016-03-17T23:03:41+08:00 ] ::1 /webgame/index.php/admin/base/login
INFO: [ app_init ] --START--
INFO: Run Behavior\BuildLiteBehavior [ RunTime:0.000029s ]
INFO: [ app_init ] --END-- [ RunTime:0.000897s ]

[ 2016-03-17T23:04:11+08:00 ] ::1 /webgame/index.php/admin/base/login
INFO: [ app_init ] --START--
INFO: Run Behavior\BuildLiteBehavior [ RunTime:0.000021s ]
INFO: [ app_init ] --END-- [ RunTime:0.000493s ]

[ 2016-03-17T23:04:13+08:00 ] ::1 /webgame/index.php/admin/base/login
INFO: [ app_init ] --START--
INFO: Run Behavior\BuildLiteBehavior [ RunTime:0.000034s ]
INFO: [ app_init ] --END-- [ RunTime:0.000693s ]

[ 2016-03-17T23:04:13+08:00 ] ::1 /webgame/index.php/admin/base/login
INFO: [ app_init ] --START--
INFO: Run Behavior\BuildLiteBehavior [ RunTime:0.000026s ]
INFO: [ app_init ] --END-- [ RunTime:0.000694s ]

[ 2016-03-17T23:04:51+08:00 ] ::1 /webgame/index.php/admin/base/login
INFO: [ app_init ] --START--
INFO: Run Behavior\BuildLiteBehavior [ RunTime:0.000022s ]
INFO: [ app_init ] --END-- [ RunTime:0.000535s ]

[ 2016-03-17T23:04:51+08:00 ] ::1 /webgame/index.php/admin/Comhelper/verify
INFO: [ app_init ] --START--
INFO: Run Behavior\BuildLiteBehavior [ RunTime:0.000035s ]
INFO: [ app_init ] --END-- [ RunTime:0.000770s ]

[ 2016-03-17T23:04:54+08:00 ] ::1 /webgame/index.php/admin/base/login
INFO: [ app_init ] --START--
INFO: Run Behavior\BuildLiteBehavior [ RunTime:0.000024s ]
INFO: [ app_init ] --END-- [ RunTime:0.000606s ]

[ 2016-03-17T23:04:54+08:00 ] ::1 /webgame/index.php/admin/Comhelper/verify
INFO: [ app_init ] --START--
INFO: Run Behavior\BuildLiteBehavior [ RunTime:0.000033s ]
INFO: [ app_init ] --END-- [ RunTime:0.000786s ]

[ 2016-03-17T23:04:54+08:00 ] ::1 /webgame/index.php/admin/base/login
INFO: [ app_init ] --START--
INFO: Run Behavior\BuildLiteBehavior [ RunTime:0.000020s ]
INFO: [ app_init ] --END-- [ RunTime:0.000425s ]

[ 2016-03-17T23:04:54+08:00 ] ::1 /webgame/index.php/admin/Comhelper/verify
INFO: [ app_init ] --START--
INFO: Run Behavior\BuildLiteBehavior [ RunTime:0.000032s ]
INFO: [ app_init ] --END-- [ RunTime:0.000686s ]

[ 2016-03-17T23:04:54+08:00 ] ::1 /webgame/index.php/admin/base/login
INFO: [ app_init ] --START--
INFO: Run Behavior\BuildLiteBehavior [ RunTime:0.000020s ]
INFO: [ app_init ] --END-- [ RunTime:0.000561s ]

[ 2016-03-17T23:04:54+08:00 ] ::1 /webgame/index.php/admin/Comhelper/verify
INFO: [ app_init ] --START--
INFO: Run Behavior\BuildLiteBehavior [ RunTime:0.000044s ]
INFO: [ app_init ] --END-- [ RunTime:0.000881s ]

[ 2016-03-17T23:05:23+08:00 ] ::1 /webgame/index.php/admin/base/login
INFO: [ app_init ] --START--
INFO: Run Behavior\BuildLiteBehavior [ RunTime:0.000033s ]
INFO: [ app_init ] --END-- [ RunTime:0.000557s ]

[ 2016-03-17T23:05:23+08:00 ] ::1 /webgame/index.php/admin/Comhelper/verify
INFO: [ app_init ] --START--
INFO: Run Behavior\BuildLiteBehavior [ RunTime:0.000033s ]
INFO: [ app_init ] --END-- [ RunTime:0.000710s ]

[ 2016-03-17T23:05:23+08:00 ] ::1 /webgame/index.php/admin/base/login
INFO: [ app_init ] --START--
INFO: Run Behavior\BuildLiteBehavior [ RunTime:0.000032s ]
INFO: [ app_init ] --END-- [ RunTime:0.000646s ]

[ 2016-03-17T23:05:23+08:00 ] ::1 /webgame/index.php/admin/Comhelper/verify
INFO: [ app_init ] --START--
INFO: Run Behavior\BuildLiteBehavior [ RunTime:0.000032s ]
INFO: [ app_init ] --END-- [ RunTime:0.000707s ]

[ 2016-03-17T23:05:23+08:00 ] ::1 /webgame/index.php/admin/base/login
INFO: [ app_init ] --START--
INFO: Run Behavior\BuildLiteBehavior [ RunTime:0.000031s ]
INFO: [ app_init ] --END-- [ RunTime:0.000680s ]

[ 2016-03-17T23:05:23+08:00 ] ::1 /webgame/index.php/admin/Comhelper/verify
INFO: [ app_init ] --START--
INFO: Run Behavior\BuildLiteBehavior [ RunTime:0.000032s ]
INFO: [ app_init ] --END-- [ RunTime:0.000672s ]

[ 2016-03-17T23:09:04+08:00 ] ::1 /webgame/index.php/admin/base/login
INFO: [ app_init ] --START--
INFO: Run Behavior\BuildLiteBehavior [ RunTime:0.000049s ]
INFO: [ app_init ] --END-- [ RunTime:0.001109s ]

[ 2016-03-17T23:09:04+08:00 ] ::1 /webgame/index.php/admin/Comhelper/verify
INFO: [ app_init ] --START--
INFO: Run Behavior\BuildLiteBehavior [ RunTime:0.000036s ]
INFO: [ app_init ] --END-- [ RunTime:0.000820s ]

[ 2016-03-17T23:12:15+08:00 ] ::1 /webgame/index.php/admin/Base/login
INFO: [ app_init ] --START--
INFO: Run Behavior\BuildLiteBehavior [ RunTime:0.000033s ]
INFO: [ app_init ] --END-- [ RunTime:0.000773s ]

[ 2016-03-17T23:12:18+08:00 ] ::1 /webgame/index.php/admin/Base/login
INFO: [ app_init ] --START--
INFO: Run Behavior\BuildLiteBehavior [ RunTime:0.000019s ]
INFO: [ app_init ] --END-- [ RunTime:0.000414s ]

[ 2016-03-17T23:12:19+08:00 ] ::1 /webgame/index.php/admin/Comhelper/verify?0.41722121951170266
INFO: [ app_init ] --START--
INFO: Run Behavior\BuildLiteBehavior [ RunTime:0.000021s ]
INFO: [ app_init ] --END-- [ RunTime:0.000428s ]

[ 2016-03-17T23:12:26+08:00 ] ::1 /webgame/index.php/admin/Base/login
INFO: [ app_init ] --START--
INFO: Run Behavior\BuildLiteBehavior [ RunTime:0.000031s ]
INFO: [ app_init ] --END-- [ RunTime:0.000595s ]

[ 2016-03-17T23:12:29+08:00 ] ::1 /webgame/index.php/admin/Base/login
INFO: [ app_init ] --START--
INFO: Run Behavior\BuildLiteBehavior [ RunTime:0.000021s ]
INFO: [ app_init ] --END-- [ RunTime:0.000439s ]

[ 2016-03-17T23:14:10+08:00 ] ::1 /webgame/index.php/admin/Base/login
INFO: [ app_init ] --START--
INFO: Run Behavior\BuildLiteBehavior [ RunTime:0.000021s ]
INFO: [ app_init ] --END-- [ RunTime:0.000478s ]

[ 2016-03-17T23:14:10+08:00 ] ::1 /webgame/index.php/admin/Comhelper/verify
INFO: [ app_init ] --START--
INFO: Run Behavior\BuildLiteBehavior [ RunTime:0.000039s ]
INFO: [ app_init ] --END-- [ RunTime:0.000709s ]

[ 2016-03-17T23:14:10+08:00 ] ::1 /webgame/index.php/admin/Base/login
INFO: [ app_init ] --START--
INFO: Run Behavior\BuildLiteBehavior [ RunTime:0.000020s ]
INFO: [ app_init ] --END-- [ RunTime:0.000487s ]

[ 2016-03-17T23:14:10+08:00 ] ::1 /webgame/index.php/admin/Comhelper/verify
INFO: [ app_init ] --START--
INFO: Run Behavior\BuildLiteBehavior [ RunTime:0.000033s ]
INFO: [ app_init ] --END-- [ RunTime:0.000681s ]

[ 2016-03-17T23:14:10+08:00 ] ::1 /webgame/index.php/admin/Base/login
INFO: [ app_init ] --START--
INFO: Run Behavior\BuildLiteBehavior [ RunTime:0.000037s ]
INFO: [ app_init ] --END-- [ RunTime:0.000884s ]

[ 2016-03-17T23:14:10+08:00 ] ::1 /webgame/index.php/admin/Comhelper/verify
INFO: [ app_init ] --START--
INFO: Run Behavior\BuildLiteBehavior [ RunTime:0.000043s ]
INFO: [ app_init ] --END-- [ RunTime:0.001242s ]

[ 2016-03-17T23:14:10+08:00 ] ::1 /webgame/index.php/admin/Base/login
INFO: [ app_init ] --START--
INFO: Run Behavior\BuildLiteBehavior [ RunTime:0.000020s ]
INFO: [ app_init ] --END-- [ RunTime:0.000417s ]

[ 2016-03-17T23:14:10+08:00 ] ::1 /webgame/index.php/admin/Comhelper/verify
INFO: [ app_init ] --START--
INFO: Run Behavior\BuildLiteBehavior [ RunTime:0.000021s ]
INFO: [ app_init ] --END-- [ RunTime:0.000454s ]

[ 2016-03-17T23:14:11+08:00 ] ::1 /webgame/index.php/admin/Base/login
INFO: [ app_init ] --START--
INFO: Run Behavior\BuildLiteBehavior [ RunTime:0.000032s ]
INFO: [ app_init ] --END-- [ RunTime:0.000692s ]

[ 2016-03-17T23:14:11+08:00 ] ::1 /webgame/index.php/admin/Comhelper/verify
INFO: [ app_init ] --START--
INFO: Run Behavior\BuildLiteBehavior [ RunTime:0.000033s ]
INFO: [ app_init ] --END-- [ RunTime:0.000698s ]

[ 2016-03-17T23:14:11+08:00 ] ::1 /webgame/index.php/admin/Base/login
INFO: [ app_init ] --START--
INFO: Run Behavior\BuildLiteBehavior [ RunTime:0.000031s ]
INFO: [ app_init ] --END-- [ RunTime:0.000627s ]

[ 2016-03-17T23:14:11+08:00 ] ::1 /webgame/index.php/admin/Comhelper/verify
INFO: [ app_init ] --START--
INFO: Run Behavior\BuildLiteBehavior [ RunTime:0.000033s ]
INFO: [ app_init ] --END-- [ RunTime:0.000701s ]

[ 2016-03-17T23:14:11+08:00 ] ::1 /webgame/index.php/admin/Base/login
INFO: [ app_init ] --START--
INFO: Run Behavior\BuildLiteBehavior [ RunTime:0.000033s ]
INFO: [ app_init ] --END-- [ RunTime:0.000660s ]

[ 2016-03-17T23:14:11+08:00 ] ::1 /webgame/index.php/admin/Comhelper/verify
INFO: [ app_init ] --START--
INFO: Run Behavior\BuildLiteBehavior [ RunTime:0.000032s ]
INFO: [ app_init ] --END-- [ RunTime:0.000670s ]

[ 2016-03-17T23:14:11+08:00 ] ::1 /webgame/index.php/admin/Base/login
INFO: [ app_init ] --START--
INFO: Run Behavior\BuildLiteBehavior [ RunTime:0.000020s ]
INFO: [ app_init ] --END-- [ RunTime:0.000417s ]

[ 2016-03-17T23:14:11+08:00 ] ::1 /webgame/index.php/admin/Comhelper/verify
INFO: [ app_init ] --START--
INFO: Run Behavior\BuildLiteBehavior [ RunTime:0.000033s ]
INFO: [ app_init ] --END-- [ RunTime:0.000691s ]

[ 2016-03-17T23:26:21+08:00 ] ::1 /webgame/index.php/admin/Base/login
INFO: [ app_init ] --START--
INFO: Run Behavior\BuildLiteBehavior [ RunTime:0.000036s ]
INFO: [ app_init ] --END-- [ RunTime:0.000678s ]

[ 2016-03-17T23:26:21+08:00 ] ::1 /webgame/index.php/admin/Comhelper/verify
INFO: [ app_init ] --START--
INFO: Run Behavior\BuildLiteBehavior [ RunTime:0.000034s ]
INFO: [ app_init ] --END-- [ RunTime:0.000769s ]

[ 2016-03-17T23:26:53+08:00 ] ::1 /webgame/index.php/admin/Base/login
INFO: [ app_init ] --START--
INFO: Run Behavior\BuildLiteBehavior [ RunTime:0.000031s ]
INFO: [ app_init ] --END-- [ RunTime:0.000620s ]

[ 2016-03-17T23:26:53+08:00 ] ::1 /webgame/index.php/admin/Comhelper/verify
INFO: [ app_init ] --START--
INFO: Run Behavior\BuildLiteBehavior [ RunTime:0.000035s ]
INFO: [ app_init ] --END-- [ RunTime:0.000768s ]

[ 2016-03-17T23:26:54+08:00 ] ::1 /webgame/index.php/admin/Base/login
INFO: [ app_init ] --START--
INFO: Run Behavior\BuildLiteBehavior [ RunTime:0.000025s ]
INFO: [ app_init ] --END-- [ RunTime:0.000761s ]

[ 2016-03-17T23:26:54+08:00 ] ::1 /webgame/index.php/admin/Comhelper/verify
INFO: [ app_init ] --START--
INFO: Run Behavior\BuildLiteBehavior [ RunTime:0.000033s ]
INFO: [ app_init ] --END-- [ RunTime:0.000785s ]

[ 2016-03-17T23:26:54+08:00 ] ::1 /webgame/index.php/admin/Base/login
INFO: [ app_init ] --START--
INFO: Run Behavior\BuildLiteBehavior [ RunTime:0.000023s ]
INFO: [ app_init ] --END-- [ RunTime:0.000461s ]

[ 2016-03-17T23:26:54+08:00 ] ::1 /webgame/index.php/admin/Comhelper/verify
INFO: [ app_init ] --START--
INFO: Run Behavior\BuildLiteBehavior [ RunTime:0.000031s ]
INFO: [ app_init ] --END-- [ RunTime:0.000665s ]

[ 2016-03-17T23:26:54+08:00 ] ::1 /webgame/index.php/admin/Base/login
INFO: [ app_init ] --START--
INFO: Run Behavior\BuildLiteBehavior [ RunTime:0.000028s ]
INFO: [ app_init ] --END-- [ RunTime:0.000641s ]

[ 2016-03-17T23:26:54+08:00 ] ::1 /webgame/index.php/admin/Comhelper/verify
INFO: [ app_init ] --START--
INFO: Run Behavior\BuildLiteBehavior [ RunTime:0.000031s ]
INFO: [ app_init ] --END-- [ RunTime:0.000668s ]

[ 2016-03-17T23:27:09+08:00 ] ::1 /webgame/index.php/admin/Base/register
INFO: [ app_init ] --START--
INFO: Run Behavior\BuildLiteBehavior [ RunTime:0.000020s ]
INFO: [ app_init ] --END-- [ RunTime:0.000442s ]

[ 2016-03-17T23:45:53+08:00 ] ::1 /webgame/index.php/admin/Base/login
INFO: [ app_init ] --START--
INFO: Run Behavior\BuildLiteBehavior [ RunTime:0.000033s ]
INFO: [ app_init ] --END-- [ RunTime:0.000711s ]

[ 2016-03-17T23:45:53+08:00 ] ::1 /webgame/index.php/admin/Comhelper/verify
INFO: [ app_init ] --START--
INFO: Run Behavior\BuildLiteBehavior [ RunTime:0.000036s ]
INFO: [ app_init ] --END-- [ RunTime:0.000895s ]

[ 2016-03-17T23:46:02+08:00 ] ::1 /webgame/index.php/admin/Base/login
INFO: [ app_init ] --START--
INFO: Run Behavior\BuildLiteBehavior [ RunTime:0.000031s ]
INFO: [ app_init ] --END-- [ RunTime:0.000759s ]

[ 2016-03-17T23:46:05+08:00 ] ::1 /webgame/index.php/admin/Base/login
INFO: [ app_init ] --START--
INFO: Run Behavior\BuildLiteBehavior [ RunTime:0.000038s ]
INFO: [ app_init ] --END-- [ RunTime:0.000730s ]

[ 2016-03-17T23:46:06+08:00 ] ::1 /webgame/index.php/admin/Comhelper/verify?0.42335134209133685
INFO: [ app_init ] --START--
INFO: Run Behavior\BuildLiteBehavior [ RunTime:0.000019s ]
INFO: [ app_init ] --END-- [ RunTime:0.000420s ]

[ 2016-03-17T23:46:07+08:00 ] ::1 /webgame/index.php/admin/Comhelper/verify?0.8406300006899983
INFO: [ app_init ] --START--
INFO: Run Behavior\BuildLiteBehavior [ RunTime:0.000022s ]
INFO: [ app_init ] --END-- [ RunTime:0.000489s ]

[ 2016-03-17T23:46:08+08:00 ] ::1 /webgame/index.php/admin/Comhelper/verify?0.5301955982577056
INFO: [ app_init ] --START--
INFO: Run Behavior\BuildLiteBehavior [ RunTime:0.000030s ]
INFO: [ app_init ] --END-- [ RunTime:0.000591s ]

[ 2016-03-17T23:46:18+08:00 ] ::1 /webgame/index.php/admin/Base/login
INFO: [ app_init ] --START--
INFO: Run Behavior\BuildLiteBehavior [ RunTime:0.000031s ]
INFO: [ app_init ] --END-- [ RunTime:0.000612s ]

[ 2016-03-17T23:46:19+08:00 ] ::1 /webgame/index.php/admin/index/index.html
INFO: [ app_init ] --START--
INFO: Run Behavior\BuildLiteBehavior [ RunTime:0.000034s ]
INFO: [ app_init ] --END-- [ RunTime:0.001179s ]

[ 2016-03-17T23:46:24+08:00 ] ::1 /webgame/index.php/admin/index/index.html
INFO: [ app_init ] --START--
INFO: Run Behavior\BuildLiteBehavior [ RunTime:0.000033s ]
INFO: [ app_init ] --END-- [ RunTime:0.001079s ]

[ 2016-03-17T23:55:59+08:00 ] ::1 /webgame/index.php/admin/index/index.html
INFO: [ app_init ] --START--
INFO: Run Behavior\BuildLiteBehavior [ RunTime:0.000022s ]
INFO: [ app_init ] --END-- [ RunTime:0.000681s ]

[ 2016-03-17T23:56:18+08:00 ] ::1 /webgame/index.php/admin/Base/login
INFO: [ app_init ] --START--
INFO: Run Behavior\BuildLiteBehavior [ RunTime:0.000050s ]
INFO: [ app_init ] --END-- [ RunTime:0.001320s ]

[ 2016-03-17T23:56:21+08:00 ] ::1 /webgame/index.php/admin/Base/login
INFO: [ app_init ] --START--
INFO: Run Behavior\BuildLiteBehavior [ RunTime:0.000036s ]
INFO: [ app_init ] --END-- [ RunTime:0.000659s ]

[ 2016-03-17T23:56:23+08:00 ] ::1 /webgame/index.php/admin/Comhelper/verify?0.7945352944079787
INFO: [ app_init ] --START--
INFO: Run Behavior\BuildLiteBehavior [ RunTime:0.000021s ]
INFO: [ app_init ] --END-- [ RunTime:0.000422s ]

[ 2016-03-17T23:56:33+08:00 ] ::1 /webgame/index.php/admin/Base/login
INFO: [ app_init ] --START--
INFO: Run Behavior\BuildLiteBehavior [ RunTime:0.000028s ]
INFO: [ app_init ] --END-- [ RunTime:0.000580s ]

[ 2016-03-17T23:57:33+08:00 ] ::1 /webgame/index.php/admin/index/index.html
INFO: [ app_init ] --START--
INFO: Run Behavior\BuildLiteBehavior [ RunTime:0.000035s ]
INFO: [ app_init ] --END-- [ RunTime:0.000649s ]

[ 2016-03-17T23:58:49+08:00 ] ::1 /webgame/index.php/admin/index/index.html
INFO: [ app_init ] --START--
INFO: Run Behavior\BuildLiteBehavior [ RunTime:0.000020s ]
INFO: [ app_init ] --END-- [ RunTime:0.000537s ]

[ 2016-03-17T23:59:11+08:00 ] ::1 /webgame/index.php/admin/index/index.html
INFO: [ app_init ] --START--
INFO: Run Behavior\BuildLiteBehavior [ RunTime:0.000021s ]
INFO: [ app_init ] --END-- [ RunTime:0.000493s ]

[ 2016-03-17T23:59:21+08:00 ] ::1 /webgame/index.php/admin/index/index.html
INFO: [ app_init ] --START--
INFO: Run Behavior\BuildLiteBehavior [ RunTime:0.000028s ]
INFO: [ app_init ] --END-- [ RunTime:0.000589s ]

